Start testing: May 06 14:23 CEST
----------------------------------------------------------
1/28 Testing: Read
1/28 Test: Read
Command: "/home/bkessler/Repositories/hatschet/hatschet" "--test=READ"
Directory: /home/bkessler/Repositories/hatschet
"Read" start time: May 06 14:23 CEST
Output:
----------------------------------------------------------
<end of output>
Test time =   0.03 sec
----------------------------------------------------------
Test Passed.
"Read" end time: May 06 14:23 CEST
"Read" time elapsed: 00:00:00
----------------------------------------------------------

2/28 Testing: Moovac
2/28 Test: Moovac
Command: "/home/bkessler/Repositories/hatschet/hatschet" "--test=MOOVAC"
Directory: /home/bkessler/Repositories/hatschet
"Moovac" start time: May 06 14:23 CEST
Output:
----------------------------------------------------------
libScaLP-CPLEX.so: cannot open shared object file: No such file or directory
libScaLP-CPLEX.so: cannot open shared object file: No such file or directory
starting moovac scheduling
Optimize a model with 73 rows, 37 columns and 164 nonzeros
Variable types: 0 continuous, 37 integer (12 binary)
Coefficient statistics:
  Matrix range     [1e+00, 2e+00]
  Objective range  [1e+00, 1e+00]
  Bounds range     [1e+00, 1e+04]
  RHS range        [1e+00, 2e+01]
Variable types: 0 continuous, 37 integer (12 binary)

Root relaxation: infeasible, 0 iterations, 0.00 seconds

Explored 0 nodes (0 simplex iterations) in 0.00 seconds
Thread count was 1 (of 4 available processors)

Solution count 0

Model is infeasible
Best objective -, best bound -, gap -
Optimize a model with 73 rows, 37 columns and 164 nonzeros
Variable types: 0 continuous, 37 integer (12 binary)
Coefficient statistics:
  Matrix range     [1e+00, 3e+00]
  Objective range  [1e+00, 1e+00]
  Bounds range     [1e+00, 1e+04]
  RHS range        [1e+00, 2e+01]
Variable types: 0 continuous, 37 integer (12 binary)

Root relaxation: infeasible, 0 iterations, 0.00 seconds

Explored 0 nodes (0 simplex iterations) in 0.00 seconds
Thread count was 1 (of 4 available processors)

Solution count 0

Model is infeasible
Best objective -, best bound -, gap -
Optimize a model with 73 rows, 37 columns and 164 nonzeros
Variable types: 0 continuous, 37 integer (12 binary)
Coefficient statistics:
  Matrix range     [1e+00, 4e+00]
  Objective range  [1e+00, 1e+00]
  Bounds range     [1e+00, 1e+04]
  RHS range        [1e+00, 2e+01]
Variable types: 0 continuous, 37 integer (12 binary)

Root relaxation: infeasible, 0 iterations, 0.00 seconds

Explored 0 nodes (0 simplex iterations) in 0.00 seconds
Thread count was 1 (of 4 available processors)

Solution count 0

Model is infeasible
Best objective -, best bound -, gap -
Optimize a model with 73 rows, 37 columns and 164 nonzeros
Variable types: 0 continuous, 37 integer (12 binary)
Coefficient statistics:
  Matrix range     [1e+00, 5e+00]
  Objective range  [1e+00, 1e+00]
  Bounds range     [1e+00, 1e+04]
  RHS range        [1e+00, 2e+01]
Found heuristic solution: objective 17.0000000
Variable types: 0 continuous, 37 integer (12 binary)

Root relaxation: cutoff, 0 iterations, 0.00 seconds

Explored 0 nodes (0 simplex iterations) in 0.00 seconds
Thread count was 1 (of 4 available processors)

Solution count 1: 17 

Optimal solution found (tolerance 1.00e-04)
Best objective 1.700000000000e+01, best bound 1.700000000000e+01, gap 0.0000%
finished moovac scheduling
<end of output>
Test time =   0.23 sec
----------------------------------------------------------
Test Passed.
"Moovac" end time: May 06 14:23 CEST
"Moovac" time elapsed: 00:00:00
----------------------------------------------------------

3/28 Testing: ReadWriteReadSchedule
3/28 Test: ReadWriteReadSchedule
Command: "/home/bkessler/Repositories/hatschet/hatschet" "--test=RWRS"
Directory: /home/bkessler/Repositories/hatschet
"ReadWriteReadSchedule" start time: May 06 14:23 CEST
Output:
----------------------------------------------------------
libScaLP-CPLEX.so: cannot open shared object file: No such file or directory
libScaLP-CPLEX.so: cannot open shared object file: No such file or directory
libScaLP-CPLEX.so: cannot open shared object file: No such file or directory
libScaLP-CPLEX.so: cannot open shared object file: No such file or directory
<end of output>
Test time =   0.09 sec
----------------------------------------------------------
Test Passed.
"ReadWriteReadSchedule" end time: May 06 14:23 CEST
"ReadWriteReadSchedule" time elapsed: 00:00:00
----------------------------------------------------------

4/28 Testing: ModuloSDC
4/28 Test: ModuloSDC
Command: "/home/bkessler/Repositories/hatschet/hatschet" "--test=MODULOSDC"
Directory: /home/bkessler/Repositories/hatschet
"ModuloSDC" start time: May 06 14:23 CEST
Output:
----------------------------------------------------------
libScaLP-CPLEX.so: cannot open shared object file: No such file or directory
libScaLP-CPLEX.so: cannot open shared object file: No such file or directory
ModuloSDCScheduler: automatic set budget = 24(6 * 24)
Starting new iteration of ModuloSDC for II 4 with timeout 300(sec)
#### Begin of Iteration 1 at II 4 at time Fri May  6 14:23:22 2022
 with a
Elapsed run time is 0 (sec) with timeout 300 (sec)
Current Instruction: a
budget b : 24
use scheduled-time: 0 for a
MRT:
  load: 
    0: 
    1: 
    2: 
    3: 
MRT end
Add (no resource conflict) a == 0
#### End of Iteration


#### Begin of Iteration 2 at II 4 at time Fri May  6 14:23:22 2022
 with b
Elapsed run time is 0 (sec) with timeout 300 (sec)
Current Instruction: b
budget b : 23
use scheduled-time: 0 for b
MRT:
  load: 
    0: a, 
    1: 
    2: 
    3: 
MRT end
Add (conflict detected) b >= 1
backtrack because of b
begin backtracking(b , 0)
minTime:0
use minTime for evict 0
BACKTRACKING at evict time 0
resource conflict detected of b at 0
Resource conflict in backtracking for: a
Removing all constraints of a
a put back to sched queue
Check for dependency conflict at slot: 0
No dependency conflict
add constraint: b == 0
end backtracking
#### End of Iteration


#### Begin of Iteration 3 at II 4 at time Fri May  6 14:23:22 2022
 with a
Elapsed run time is 0 (sec) with timeout 300 (sec)
Current Instruction: a
budget b : 22
use scheduled-time: 0 for a
MRT:
  load: 
    0: b, 
    1: 
    2: 
    3: 
MRT end
Add (conflict detected) a >= 1
Put back a
#### End of Iteration


#### Begin of Iteration 4 at II 4 at time Fri May  6 14:23:22 2022
 with a
Elapsed run time is 0 (sec) with timeout 300 (sec)
Current Instruction: a
budget b : 21
use scheduled-time: 1 for a
MRT:
  load: 
    0: b, 
    1: 
    2: 
    3: 
MRT end
Add (no resource conflict) a == 1
#### End of Iteration


#### Begin of Iteration 5 at II 4 at time Fri May  6 14:23:22 2022
 with d
Elapsed run time is 0 (sec) with timeout 300 (sec)
Current Instruction: d
budget b : 20
use scheduled-time: 3 for d
MRT:
  load: 
    0: b, 
    1: a, 
    2: 
    3: 
MRT end
Add (no resource conflict) d == 3
#### End of Iteration


Result for II 4
a = 1
b = 0
c = 3
d = 3
Final MRT:
  load: 
    0: b, 
    1: a, 
    2: 
    3: d, 
MRT end
success
FOUND for II=4 after 0.003458 seconds
ModuloSDCScheduler: total times out of budget = 0
a = 1
b = 0
c = 3
d = 3
<end of output>
Test time =   0.05 sec
----------------------------------------------------------
Test Passed.
"ModuloSDC" end time: May 06 14:23 CEST
"ModuloSDC" time elapsed: 00:00:00
----------------------------------------------------------

5/28 Testing: API
5/28 Test: API
Command: "/home/bkessler/Repositories/hatschet/hatschet" "--test=API"
Directory: /home/bkessler/Repositories/hatschet
"API" start time: May 06 14:23 CEST
Output:
----------------------------------------------------------
No actual API tests performed yet
<end of output>
Test time =   0.02 sec
----------------------------------------------------------
Test Passed.
"API" end time: May 06 14:23 CEST
"API" time elapsed: 00:00:00
----------------------------------------------------------

6/28 Testing: ASAPHC
6/28 Test: ASAPHC
Command: "/home/bkessler/Repositories/hatschet/hatschet" "--test=ASAPHC"
Directory: /home/bkessler/Repositories/hatschet
"ASAPHC" start time: May 06 14:23 CEST
Output:
----------------------------------------------------------
<end of output>
Test time =   0.03 sec
----------------------------------------------------------
Test Passed.
"ASAPHC" end time: May 06 14:23 CEST
"ASAPHC" time elapsed: 00:00:00
----------------------------------------------------------

7/28 Testing: ALAPHC
7/28 Test: ALAPHC
Command: "/home/bkessler/Repositories/hatschet/hatschet" "--test=ALAPHC"
Directory: /home/bkessler/Repositories/hatschet
"ALAPHC" start time: May 06 14:23 CEST
Output:
----------------------------------------------------------
<end of output>
Test time =   0.03 sec
----------------------------------------------------------
Test Passed.
"ALAPHC" end time: May 06 14:23 CEST
"ALAPHC" time elapsed: 00:00:00
----------------------------------------------------------

8/28 Testing: ULScheduler
8/28 Test: ULScheduler
Command: "/home/bkessler/Repositories/hatschet/hatschet" "--test=ULScheduler"
Directory: /home/bkessler/Repositories/hatschet
"ULScheduler" start time: May 06 14:23 CEST
Output:
----------------------------------------------------------
Utility::printSchedule: Start
Scheduled Add1 at 0
Scheduled Mult1 at 3
Scheduled Add2 at 4
Scheduled Gain1 at 5
Scheduled Mult2 at 6
Scheduled Gain at 7
Scheduled Add3 at 0
Scheduled Gain2 at 1
Scheduled Gain3 at 2
Scheduled Add4 at 1
Scheduled Add5 at 0
Utility::printSchedule: Finished
<end of output>
Test time =   0.03 sec
----------------------------------------------------------
Test Passed.
"ULScheduler" end time: May 06 14:23 CEST
"ULScheduler" time elapsed: 00:00:00
----------------------------------------------------------

9/28 Testing: criticalpath
9/28 Test: criticalpath
Command: "/home/bkessler/Repositories/hatschet/hatschet" "--test=CRITPATH"
Directory: /home/bkessler/Repositories/hatschet
"criticalpath" start time: May 06 14:23 CEST
Output:
----------------------------------------------------------
libScaLP-CPLEX.so: cannot open shared object file: No such file or directory
<end of output>
Test time =   0.05 sec
----------------------------------------------------------
Test Passed.
"criticalpath" end time: May 06 14:23 CEST
"criticalpath" time elapsed: 00:00:00
----------------------------------------------------------

10/28 Testing: KosarajuSCC
10/28 Test: KosarajuSCC
Command: "/home/bkessler/Repositories/hatschet/hatschet" "--test=KOSARAJU"
Directory: /home/bkessler/Repositories/hatschet
"KosarajuSCC" start time: May 06 14:23 CEST
Output:
----------------------------------------------------------

DFS on vertex_3 is done !!
DFS on vertex_6 is done !!
DFS on vertex_5 is done !!
DFS on vertex_4 is done !!
DFS on vertex_2 is done !!
DFS on vertex_1 is done !!
DFS on vertex_0 is done !!
DFS on vertex_8 is done !!
DFS on vertex_7 is done !!
-------------------------------------------------------------------------------------
DFS of Vertex 7 is finished
SCC_0 Has 1 Vertices
DFS of Vertex 8 is finished
SCC_1 Has 1 Vertices
DFS of Vertex 1 is finished
DFS of Vertex 2 is finished
DFS of Vertex 3 is finished
DFS of Vertex 0 is finished
SCC_2 Has 4 Vertices
DFS of Vertex 5 is finished
DFS of Vertex 6 is finished
DFS of Vertex 4 is finished
SCC_3 Has 3 Vertices

vertex_0 -- 0
vertex_1 -- 0
vertex_2 -- 0
vertex_3 -- 0
vertex_4 -- 0
vertex_5 -- 0
vertex_6 -- 0
vertex_7 -- 1
vertex_8 -- 0
0: vertex_7 

vertex_0 -- 0
vertex_1 -- 0
vertex_2 -- 0
vertex_3 -- 0
vertex_4 -- 0
vertex_5 -- 0
vertex_6 -- 0
vertex_7 -- 0
vertex_8 -- 1
0: vertex_8 

vertex_0 -- 1
vertex_1 -- 1
vertex_2 -- 1
vertex_3 -- 1
vertex_4 -- 0
vertex_5 -- 0
vertex_6 -- 0
vertex_7 -- 0
vertex_8 -- 0
0: vertex_1 1: vertex_2 2: vertex_3 3: vertex_0 

vertex_0 -- 0
vertex_1 -- 0
vertex_2 -- 0
vertex_3 -- 0
vertex_4 -- 1
vertex_5 -- 1
vertex_6 -- 1
vertex_7 -- 0
vertex_8 -- 0
0: vertex_5 1: vertex_6 2: vertex_4 
<end of output>
Test time =   0.02 sec
----------------------------------------------------------
Test Passed.
"KosarajuSCC" end time: May 06 14:23 CEST
"KosarajuSCC" time elapsed: 00:00:00
----------------------------------------------------------

11/28 Testing: CompareMSAlgorithms
11/28 Test: CompareMSAlgorithms
Command: "/home/bkessler/Repositories/hatschet/hatschet" "--test=COMPAREMSALGORITHMS"
Directory: /home/bkessler/Repositories/hatschet
"CompareMSAlgorithms" start time: May 06 14:23 CEST
Output:
----------------------------------------------------------
libScaLP-CPLEX.so: cannot open shared object file: No such file or directory
libScaLP-CPLEX.so: cannot open shared object file: No such file or directory
libScaLP-CPLEX.so: cannot open shared object file: No such file or directory
libScaLP-CPLEX.so: cannot open shared object file: No such file or directory
libScaLP-CPLEX.so: cannot open shared object file: No such file or directory
libScaLP-CPLEX.so: cannot open shared object file: No such file or directory
libScaLP-CPLEX.so: cannot open shared object file: No such file or directory
libScaLP-CPLEX.so: cannot open shared object file: No such file or directory
libScaLP-CPLEX.so: cannot open shared object file: No such file or directory
Tests::compareModuloSchedulerTest: Expected II is 11
Tests::compareModuloSchedulerTest: ModuloSDC found II 11
Tests::compareModuloSchedulerTest: MoovacScheduler found II 11
Tests::compareModuloSchedulerTest: MoovacMinRegScheduler found II 11
Tests::compareModuloSchedulerTest: EichenbergerDavidson97Scheduler found II 11
<end of output>
Test time =   0.26 sec
----------------------------------------------------------
Test Passed.
"CompareMSAlgorithms" end time: May 06 14:23 CEST
"CompareMSAlgorithms" time elapsed: 00:00:00
----------------------------------------------------------

12/28 Testing: rationalIISchedulerTest
12/28 Test: rationalIISchedulerTest
Command: "/home/bkessler/Repositories/hatschet/hatschet" "--test=RATIONALIISCHEDULER"
Directory: /home/bkessler/Repositories/hatschet
"rationalIISchedulerTest" start time: May 06 14:23 CEST
Output:
----------------------------------------------------------
libScaLP-CPLEX.so: cannot open shared object file: No such file or directory
RationalIIScheduler::resetContainer: start 
RationalIIScheduler::resetContainer: finished 
Tests::rationalIISchedulerTest: expected II is 5/3
Tests::rationalIISchedulerTest: found II 5/3
<end of output>
Test time =   0.10 sec
----------------------------------------------------------
Test Passed.
"rationalIISchedulerTest" end time: May 06 14:23 CEST
"rationalIISchedulerTest" time elapsed: 00:00:00
----------------------------------------------------------

13/28 Testing: rationalIISchedulerFimmelTest
13/28 Test: rationalIISchedulerFimmelTest
Command: "/home/bkessler/Repositories/hatschet/hatschet" "--test=RATIONALIISCHEDULERFIMMEL"
Directory: /home/bkessler/Repositories/hatschet
"rationalIISchedulerFimmelTest" start time: May 06 14:23 CEST
Output:
----------------------------------------------------------
graphMLReader.parseGraph: comment or processing instruction expected
libScaLP-CPLEX.so: cannot open shared object file: No such file or directory
libScaLP-CPLEX.so: cannot open shared object file: No such file or directory
Tests::rationalIISchedulerFimmelTest: expected II is 5.333...
Tests::rationalIISchedulerFimmelTest: found II is 5.33333
<end of output>
Test time =   0.21 sec
----------------------------------------------------------
Test Passed.
"rationalIISchedulerFimmelTest" end time: May 06 14:23 CEST
"rationalIISchedulerFimmelTest" time elapsed: 00:00:00
----------------------------------------------------------

14/28 Testing: ratIIVerifierWrongMRTDetected
14/28 Test: ratIIVerifierWrongMRTDetected
Command: "/home/bkessler/Repositories/hatschet/hatschet" "--test=ratIIVerifierWrongMRTDetected"
Directory: /home/bkessler/Repositories/hatschet
"ratIIVerifierWrongMRTDetected" start time: May 06 14:23 CEST
Output:
----------------------------------------------------------
libScaLP-CPLEX.so: cannot open shared object file: No such file or directory
RationalIIScheduler::resetContainer: start 
RationalIIScheduler::resetContainer: finished 
Start verify rational II schedule: < 2 1 2  >
Resource Constraint violated for adder in modulo slot 0 mod 5: used 4 of 3
<end of output>
Test time =   0.09 sec
----------------------------------------------------------
Test Passed.
"ratIIVerifierWrongMRTDetected" end time: May 06 14:23 CEST
"ratIIVerifierWrongMRTDetected" time elapsed: 00:00:00
----------------------------------------------------------

15/28 Testing: ratIIVerifierWrongCausalityDetected
15/28 Test: ratIIVerifierWrongCausalityDetected
Command: "/home/bkessler/Repositories/hatschet/hatschet" "--test=ratIIVerifierWrongCausalityDetected"
Directory: /home/bkessler/Repositories/hatschet
"ratIIVerifierWrongCausalityDetected" start time: May 06 14:23 CEST
Output:
----------------------------------------------------------
libScaLP-CPLEX.so: cannot open shared object file: No such file or directory
RationalIIScheduler::resetContainer: start 
RationalIIScheduler::resetContainer: finished 
Start verify rational II schedule: < 1 1 3  >
Edge Id: 5. From Node A4 to A1 (Delay 0 Distance 2) depType Data violated: 6 + 1 + 0 <= 4 + 2(sample 2)
Edge Id: 5. From Node A4 to A1 (Delay 0 Distance 2) depType Data violated: 6 + 1 + 0 <= 4 + 2(sample 2)
<end of output>
Test time =   0.10 sec
----------------------------------------------------------
Test Passed.
"ratIIVerifierWrongCausalityDetected" end time: May 06 14:23 CEST
"ratIIVerifierWrongCausalityDetected" time elapsed: 00:00:00
----------------------------------------------------------

16/28 Testing: uniformRatII
16/28 Test: uniformRatII
Command: "/home/bkessler/Repositories/hatschet/hatschet" "--test=UNIFORMRATIONALIISCHEDULER"
Directory: /home/bkessler/Repositories/hatschet
"uniformRatII" start time: May 06 14:23 CEST
Output:
----------------------------------------------------------
RationalIISchedulerLayer::schedule: start scheduling
RationalIISchedulerLayer::schedule: maxLatencyConstraint: -1
RationalIISchedulerLayer::schedule: modulo: 5
RationalIISchedulerLayer::schedule: samples: 3
------------------------
RationalIISchedulerLayer:schedule: start for 
RationalIISchedulerLayer:schedule: maxLatency -1
RationalIISchedulerLayer::schedule: recMinII is 1.5
RationalIISchedulerLayer::schedule: resMinII is 1.66667
------------------------
RationalIISchedulerLayer::schedule: Found 1 valid rat II iteration values using SMax=-1
RationalIISchedulerLayer::schedule: building ilp problem for s / m : 3 / 5
RationalIISchedulerLayer::schedule: max. no. of iterations 1
  Lower II: 1
  Upper II: 2
  number of lower IIs: 1
  number of upper IIs: 2
  dominance of lower IIs: 0
    errAccumulator: 1
    errAccumulator: 2
IIs: < 0 2 3 >
set min delta (0) = 0
set min delta (2) = 3
UniformRationalIIScheduler.schedule: try to solve for s / m : 3 / 5
Finished solving: OPTIMAL
------------------------
UniformRationalIIScheduler.schedule: Found result is OPTIMAL
UniformRationalIIScheduler.schedule: this solution is s / m : 3 / 5
UniformRationalIIScheduler.schedule: II: 1.66667 (integer minII 2)
UniformRationalIIScheduler.schedule: throughput: 0.6
------------------------
----Samples: 3 mod: 5 maxLat: -1
----Found IIs: 0  2  3  
----Resulting Insertion latency: 2  1  2  
----Throughput: 0.6
Printing absolute start times
  Insertion time 0
    A1 - 1
    A2 - 0
    A3 - 2
    A4 - 3
    A5 - 4
  Insertion time 2
    A1 - 3
    A2 - 2
    A3 - 4
    A4 - 5
    A5 - 6
  Insertion time 3
    A1 - 4
    A2 - 3
    A3 - 5
    A4 - 6
    A5 - 7
-------
Printing modulo 5 start times
  Insertion time 0
    A1 - 1
    A2 - 0
    A3 - 2
    A4 - 3
    A5 - 4
  Insertion time 2
    A1 - 3
    A2 - 2
    A3 - 4
    A4 - 0
    A5 - 1
  Insertion time 3
    A1 - 4
    A2 - 3
    A3 - 0
    A4 - 1
    A5 - 2
-------
RationalIISchedulerLayer::verifySchedule: start verifier for II=5/3
RationalIISchedulerLayer::verifySchedule: UNROLLED GRAPH:
------------------------------------------------------------------------------------
---------------------------------- Graph Model -------------------------------------
------------------------------------------------------------------------------------
Vertex:A2_0(ID 4)
Vertex:A1_2(ID 3)
Vertex:A1_0(ID 1)
Vertex:A1_1(ID 2)
Vertex:A2_2(ID 6)
Vertex:A3_0(ID 7)
Vertex:A4_2(ID 12)
Vertex:A5_0(ID 13)
Vertex:A5_1(ID 14)
Vertex:A5_2(ID 15)
Vertex:A3_1(ID 8)
Vertex:A3_2(ID 9)
Vertex:A4_0(ID 10)
Vertex:A4_1(ID 11)
Vertex:A2_1(ID 5)
Edge Id: 8. From Node A3_1 to A4_1 (Delay 0 Distance 0) depType Data
Edge Id: 9. From Node A3_2 to A4_2 (Delay 0 Distance 0) depType Data
Edge Id: 10. From Node A4_0 to A5_0 (Delay 0 Distance 0) depType Data
Edge Id: 11. From Node A4_1 to A5_1 (Delay 0 Distance 0) depType Data
Edge Id: 12. From Node A4_2 to A5_2 (Delay 0 Distance 0) depType Data
Edge Id: 13. From Node A4_1 to A1_0 (Delay 0 Distance 1) depType Data
Edge Id: 14. From Node A4_2 to A1_1 (Delay 0 Distance 1) depType Data
Edge Id: 15. From Node A4_0 to A1_2 (Delay 0 Distance 0) depType Data
Edge Id: 1. From Node A2_0 to A3_0 (Delay 0 Distance 0) depType Data
Edge Id: 2. From Node A2_1 to A3_1 (Delay 0 Distance 0) depType Data
Edge Id: 3. From Node A2_2 to A3_2 (Delay 0 Distance 0) depType Data
Edge Id: 4. From Node A1_0 to A3_0 (Delay 0 Distance 0) depType Data
Edge Id: 5. From Node A1_1 to A3_1 (Delay 0 Distance 0) depType Data
Edge Id: 6. From Node A1_2 to A3_2 (Delay 0 Distance 0) depType Data
Edge Id: 7. From Node A3_0 to A4_0 (Delay 0 Distance 0) depType Data

RationalIISchedulerLayer::verifySchedule: UNROLLED RESOURCE MODEL:
------------------------------------------------------------------------------------
------------------------------- Resource Model -------------------------------------
------------------------------------------------------------------------------------
Resource Model has limited resource: adder with limit/vertices 3/15, latency 1, blockingTime 1, physicalDelay 0
------------------------------------------------------------------------------------
------------------------------------------------------------------------------------
Registered vertex A2_0 with adder
Registered vertex A1_2 with adder
Registered vertex A1_0 with adder
Registered vertex A1_1 with adder
Registered vertex A2_2 with adder
Registered vertex A3_0 with adder
Registered vertex A4_2 with adder
Registered vertex A5_0 with adder
Registered vertex A5_1 with adder
Registered vertex A5_2 with adder
Registered vertex A3_1 with adder
Registered vertex A3_2 with adder
Registered vertex A4_0 with adder
Registered vertex A4_1 with adder
Registered vertex A2_1 with adder
------------------------------------------------------------------------------------

Integer II schedule for unrolled graph is verified
Rational II schedule for original graph is verified
Tests::uniformRationalIISchedulerTest: expected II is 5/3
Tests::uniformRationalIISchedulerTest: found II 5/3
<end of output>
Test time =   0.04 sec
----------------------------------------------------------
Test Passed.
"uniformRatII" end time: May 06 14:23 CEST
"uniformRatII" time elapsed: 00:00:00
----------------------------------------------------------

17/28 Testing: uniformRatIINew
17/28 Test: uniformRatIINew
Command: "/home/bkessler/Repositories/hatschet/hatschet" "--test=UNIFORMRATIONALIISCHEDULERNEW"
Directory: /home/bkessler/Repositories/hatschet
"uniformRatIINew" start time: May 06 14:23 CEST
Output:
----------------------------------------------------------
RationalIISchedulerLayer::schedule: start scheduling
RationalIISchedulerLayer::schedule: maxLatencyConstraint: -1
RationalIISchedulerLayer::schedule: modulo: 5
RationalIISchedulerLayer::schedule: samples: 3
------------------------
RationalIISchedulerLayer:schedule: start for 
RationalIISchedulerLayer:schedule: maxLatency -1
RationalIISchedulerLayer::schedule: recMinII is 1.5
RationalIISchedulerLayer::schedule: resMinII is 1.66667
------------------------
RationalIISchedulerLayer::schedule: Found 1 valid rat II iteration values using SMax=-1
RationalIISchedulerLayer::schedule: building ilp problem for s / m : 3 / 5
RationalIISchedulerLayer::schedule: max. no. of iterations 1
  Lower II: 1
  Upper II: 2
  number of lower IIs: 1
  number of upper IIs: 2
  dominance of lower IIs: 0
    errAccumulator: 1
    errAccumulator: 2
IIs: < 0 2 3 >
set min delta (0) = 0
set min delta (2) = 3
UniformRationalIIScheduler.schedule: try to solve for s / m : 3 / 5
Finished solving: OPTIMAL
------------------------
UniformRationalIIScheduler.schedule: Found result is OPTIMAL
UniformRationalIIScheduler.schedule: this solution is s / m : 3 / 5
UniformRationalIIScheduler.schedule: II: 1.66667 (integer minII 2)
UniformRationalIIScheduler.schedule: throughput: 0.6
------------------------
----Samples: 3 mod: 5 maxLat: -1
----Found IIs: 0  2  3  
----Resulting Insertion latency: 2  1  2  
----Throughput: 0.6
Printing absolute start times
  Insertion time 0
    A1 - 1
    A2 - 0
    A3 - 2
    A4 - 3
    A5 - 4
  Insertion time 2
    A1 - 3
    A2 - 2
    A3 - 4
    A4 - 5
    A5 - 6
  Insertion time 3
    A1 - 4
    A2 - 3
    A3 - 5
    A4 - 6
    A5 - 7
-------
Printing modulo 5 start times
  Insertion time 0
    A1 - 1
    A2 - 0
    A3 - 2
    A4 - 3
    A5 - 4
  Insertion time 2
    A1 - 3
    A2 - 2
    A3 - 4
    A4 - 0
    A5 - 1
  Insertion time 3
    A1 - 4
    A2 - 3
    A3 - 0
    A4 - 1
    A5 - 2
-------
RationalIISchedulerLayer::verifySchedule: start verifier for II=5/3
RationalIISchedulerLayer::verifySchedule: UNROLLED GRAPH:
------------------------------------------------------------------------------------
---------------------------------- Graph Model -------------------------------------
------------------------------------------------------------------------------------
Vertex:A2_0(ID 4)
Vertex:A1_2(ID 3)
Vertex:A1_0(ID 1)
Vertex:A1_1(ID 2)
Vertex:A2_2(ID 6)
Vertex:A3_0(ID 7)
Vertex:A4_2(ID 12)
Vertex:A5_0(ID 13)
Vertex:A5_1(ID 14)
Vertex:A5_2(ID 15)
Vertex:A3_1(ID 8)
Vertex:A3_2(ID 9)
Vertex:A4_0(ID 10)
Vertex:A4_1(ID 11)
Vertex:A2_1(ID 5)
Edge Id: 8. From Node A3_1 to A4_1 (Delay 0 Distance 0) depType Data
Edge Id: 9. From Node A3_2 to A4_2 (Delay 0 Distance 0) depType Data
Edge Id: 10. From Node A4_0 to A5_0 (Delay 0 Distance 0) depType Data
Edge Id: 11. From Node A4_1 to A5_1 (Delay 0 Distance 0) depType Data
Edge Id: 12. From Node A4_2 to A5_2 (Delay 0 Distance 0) depType Data
Edge Id: 13. From Node A4_1 to A1_0 (Delay 0 Distance 1) depType Data
Edge Id: 14. From Node A4_2 to A1_1 (Delay 0 Distance 1) depType Data
Edge Id: 15. From Node A4_0 to A1_2 (Delay 0 Distance 0) depType Data
Edge Id: 1. From Node A2_0 to A3_0 (Delay 0 Distance 0) depType Data
Edge Id: 2. From Node A2_1 to A3_1 (Delay 0 Distance 0) depType Data
Edge Id: 3. From Node A2_2 to A3_2 (Delay 0 Distance 0) depType Data
Edge Id: 4. From Node A1_0 to A3_0 (Delay 0 Distance 0) depType Data
Edge Id: 5. From Node A1_1 to A3_1 (Delay 0 Distance 0) depType Data
Edge Id: 6. From Node A1_2 to A3_2 (Delay 0 Distance 0) depType Data
Edge Id: 7. From Node A3_0 to A4_0 (Delay 0 Distance 0) depType Data

RationalIISchedulerLayer::verifySchedule: UNROLLED RESOURCE MODEL:
------------------------------------------------------------------------------------
------------------------------- Resource Model -------------------------------------
------------------------------------------------------------------------------------
Resource Model has limited resource: adder with limit/vertices 3/15, latency 1, blockingTime 1, physicalDelay 0
------------------------------------------------------------------------------------
------------------------------------------------------------------------------------
Registered vertex A2_0 with adder
Registered vertex A1_2 with adder
Registered vertex A1_0 with adder
Registered vertex A1_1 with adder
Registered vertex A2_2 with adder
Registered vertex A3_0 with adder
Registered vertex A4_2 with adder
Registered vertex A5_0 with adder
Registered vertex A5_1 with adder
Registered vertex A5_2 with adder
Registered vertex A3_1 with adder
Registered vertex A3_2 with adder
Registered vertex A4_0 with adder
Registered vertex A4_1 with adder
Registered vertex A2_1 with adder
------------------------------------------------------------------------------------

Integer II schedule for unrolled graph is verified
Rational II schedule for original graph is verified
Tests::uniformRationalIISchedulerTest: expected II is 5/3
Tests::uniformRationalIISchedulerTest: found II 5/3
<end of output>
Test time =   0.04 sec
----------------------------------------------------------
Test Passed.
"uniformRatIINew" end time: May 06 14:23 CEST
"uniformRatIINew" time elapsed: 00:00:00
----------------------------------------------------------

18/28 Testing: nonUniformRatII
18/28 Test: nonUniformRatII
Command: "/home/bkessler/Repositories/hatschet/hatschet" "--test=NONUNIFORMRATIONALIISCHEDULER"
Directory: /home/bkessler/Repositories/hatschet
"nonUniformRatII" start time: May 06 14:23 CEST
Output:
----------------------------------------------------------
RationalIISchedulerLayer::schedule: start scheduling
RationalIISchedulerLayer::schedule: maxLatencyConstraint: -1
RationalIISchedulerLayer::schedule: modulo: 5
RationalIISchedulerLayer::schedule: samples: 3
------------------------
RationalIISchedulerLayer:schedule: start for 
RationalIISchedulerLayer:schedule: maxLatency -1
RationalIISchedulerLayer::schedule: recMinII is 1.5
RationalIISchedulerLayer::schedule: resMinII is 1.66667
------------------------
RationalIISchedulerLayer::schedule: Found 1 valid rat II iteration values using SMax=-1
RationalIISchedulerLayer::schedule: building ilp problem for s / m : 3 / 5
RationalIISchedulerLayer::schedule: max. no. of iterations 1
NonUniformRationalIIScheduler.scheduleIteration: try to solve for s / m : 3 / 5
Finished solving: OPTIMAL
ScaLP results: Objective: 7
Variables:
  A3_0     =     1
  A2_2     =     3
  A1_2_2   =     0
  A1_2_3   =     1
  A1_2_4   =     0
  A2_0_0   =     1
  A2_0_1   =     0
  A2_0_2   =     0
  A2_0_3   =     0
  A2_0_4   =     0
  A2_1_0   =     0
  A2_1_1   =     0
  A2_1_2   =     1
  A2_1_3   =     0
  A2_1_4   =     0
  A2_2_0   =     0
  A2_2_1   =     -0
  k_A1_1   =     0
  k_A1_2   =     0
  k_A2_0   =     0
  k_A2_1   =     0
  k_A2_2   =     0
  k_A3_0   =     0
  A2_1     =     2
  A4_0     =     2
  A4_1     =     4
  A4_1_1   =     0
  A4_1_2   =     0
  A4_1_3   =     0
  A4_1_4   =     1
  A4_2_0   =     1
  A4_2_1   =     0
  A4_2_2   =     0
  A4_2_3   =     0
  A4_2_4   =     0
  A5_0_0   =     0
  A5_0_1   =     -0
  A5_0_2   =     0
  A5_0_3   =     -0
  A5_0_4   =     1
  A5_1_0   =     0
  A5_1_1   =     1
  A5_1_2   =     0
  A5_1_3   =     0
  A5_1_4   =     0
  A5_2_0   =     0
  A5_2_1   =     1
  A5_2_2   =     0
  A5_2_3   =     0
  A5_2_4   =     0
  A1_0     =     0
  A1_0_0   =     1
  A1_0_1   =     0
  A1_0_2   =     0
  A1_0_3   =     0
  A1_0_4   =     0
  k_A3_1   =     0
  k_A3_2   =     0
  k_A4_0   =     0
  k_A4_1   =     0
  k_A4_2   =     1
  k_A5_0   =     -0
  k_A5_1   =     1
  k_A5_2   =     1
  A2_2_2   =     0
  A2_2_3   =     1
  A2_2_4   =     0
  A3_0_0   =     0
  A3_0_1   =     1
  A3_0_2   =     0
  A3_0_3   =     0
  A3_0_4   =     0
  A3_1_0   =     0
  A3_1_1   =     0
  A3_1_2   =     0
  A3_1_3   =     1
  A3_1_4   =     0
  A3_2_0   =     -0
  A3_2_1   =     0
  A3_2_2   =     0
  A3_2_3   =     0
  A3_2_4   =     1
  A4_0_0   =     0
  A4_0_1   =     0
  A4_0_2   =     1
  A4_0_3   =     0
  A4_0_4   =     0
  A4_1_0   =     0
  A3_2     =     4
  A4_2     =     5
  A1_2     =     3
  A1_1     =     2
  A2_0     =     -0
  A3_1     =     3
  k_A1_0   =     0
  A5_0     =     4
  A5_1     =     6
  A5_2     =     6
  supersink =     7
  A1_1_0   =     -0
  A1_1_1   =     0
  A1_1_2   =     1
  A1_1_3   =     0
  A1_1_4   =     0
  A1_2_0   =     0
  A1_2_1   =     0
Durations:
  preparation:  4e-06
  construction: 0.000403
  solving:      0.020668

------------------------
NonUniformRationalIIScheduler.scheduleIteration: Found result is OPTIMAL
NonUniformRationalIIScheduler.scheduleIteration: this solution is s / m : 3 / 5
NonUniformRationalIIScheduler.scheduleIteration: II: 1.66667 (integer minII 2)
NonUniformRationalIIScheduler.scheduleIteration: throughput: 0.6
------------------------
----Samples: 3 mod: 5 maxLat: -1
----Throughput: 0.6
Printing absolute start times
  Sample number 0
    A1 - 0
    A2 - 0
    A3 - 1
    A4 - 2
    A5 - 4
  Sample number 1
    A1 - 2
    A2 - 2
    A3 - 3
    A4 - 4
    A5 - 6
  Sample number 2
    A1 - 3
    A2 - 3
    A3 - 4
    A4 - 5
    A5 - 6
-------
Printing modulo 5 start times
  Sample number 0
    A1 - 0
    A2 - 0
    A3 - 1
    A4 - 2
    A5 - 4
  Sample number 1
    A1 - 2
    A2 - 2
    A3 - 3
    A4 - 4
    A5 - 1
  Sample number 2
    A1 - 3
    A2 - 3
    A3 - 4
    A4 - 0
    A5 - 1
-------
RationalIISchedulerLayer::verifySchedule: start verifier for II=5/3
RationalIISchedulerLayer::verifySchedule: UNROLLED GRAPH:
------------------------------------------------------------------------------------
---------------------------------- Graph Model -------------------------------------
------------------------------------------------------------------------------------
Vertex:A5_2(ID 15)
Vertex:A4_1(ID 11)
Vertex:A2_1(ID 5)
Vertex:A3_2(ID 9)
Vertex:A1_1(ID 2)
Vertex:A1_2(ID 3)
Vertex:A5_0(ID 13)
Vertex:A2_0(ID 4)
Vertex:A2_2(ID 6)
Vertex:A1_0(ID 1)
Vertex:A4_2(ID 12)
Vertex:A5_1(ID 14)
Vertex:A4_0(ID 10)
Vertex:A3_0(ID 7)
Vertex:A3_1(ID 8)
Edge Id: 15. From Node A4_0 to A1_2 (Delay 0 Distance 0) depType Data
Edge Id: 8. From Node A3_1 to A4_1 (Delay 0 Distance 0) depType Data
Edge Id: 9. From Node A3_2 to A4_2 (Delay 0 Distance 0) depType Data
Edge Id: 10. From Node A4_0 to A5_0 (Delay 0 Distance 0) depType Data
Edge Id: 11. From Node A4_1 to A5_1 (Delay 0 Distance 0) depType Data
Edge Id: 12. From Node A4_2 to A5_2 (Delay 0 Distance 0) depType Data
Edge Id: 13. From Node A4_1 to A1_0 (Delay 0 Distance 1) depType Data
Edge Id: 14. From Node A4_2 to A1_1 (Delay 0 Distance 1) depType Data
Edge Id: 4. From Node A1_0 to A3_0 (Delay 0 Distance 0) depType Data
Edge Id: 5. From Node A1_1 to A3_1 (Delay 0 Distance 0) depType Data
Edge Id: 6. From Node A1_2 to A3_2 (Delay 0 Distance 0) depType Data
Edge Id: 7. From Node A3_0 to A4_0 (Delay 0 Distance 0) depType Data
Edge Id: 1. From Node A2_0 to A3_0 (Delay 0 Distance 0) depType Data
Edge Id: 2. From Node A2_1 to A3_1 (Delay 0 Distance 0) depType Data
Edge Id: 3. From Node A2_2 to A3_2 (Delay 0 Distance 0) depType Data

RationalIISchedulerLayer::verifySchedule: UNROLLED RESOURCE MODEL:
------------------------------------------------------------------------------------
------------------------------- Resource Model -------------------------------------
------------------------------------------------------------------------------------
Resource Model has limited resource: adder with limit/vertices 3/15, latency 1, blockingTime 1, physicalDelay 0
------------------------------------------------------------------------------------
------------------------------------------------------------------------------------
Registered vertex A5_2 with adder
Registered vertex A4_1 with adder
Registered vertex A2_1 with adder
Registered vertex A3_2 with adder
Registered vertex A1_1 with adder
Registered vertex A1_2 with adder
Registered vertex A5_0 with adder
Registered vertex A2_0 with adder
Registered vertex A2_2 with adder
Registered vertex A1_0 with adder
Registered vertex A4_2 with adder
Registered vertex A5_1 with adder
Registered vertex A4_0 with adder
Registered vertex A3_0 with adder
Registered vertex A3_1 with adder
------------------------------------------------------------------------------------

Integer II schedule for unrolled graph is verified
Rational II schedule for original graph is verified
Tests::uniformRationalIISchedulerTest: expected II is 5/3
Tests::uniformRationalIISchedulerTest: found II 5/3
<end of output>
Test time =   0.06 sec
----------------------------------------------------------
Test Passed.
"nonUniformRatII" end time: May 06 14:23 CEST
"nonUniformRatII" time elapsed: 00:00:00
----------------------------------------------------------

19/28 Testing: ratIIModuloQ
19/28 Test: ratIIModuloQ
Command: "/home/bkessler/Repositories/hatschet/hatschet" "--test=RATIONALIIMODULOQ"
Directory: /home/bkessler/Repositories/hatschet
"ratIIModuloQ" start time: May 06 14:23 CEST
Output:
----------------------------------------------------------
RationalIISchedulerLayer::schedule: start scheduling
RationalIISchedulerLayer::schedule: maxLatencyConstraint: -1
RationalIISchedulerLayer::schedule: modulo: 5
RationalIISchedulerLayer::schedule: samples: 2
------------------------
RationalIISchedulerLayer:schedule: start for 
RationalIISchedulerLayer:schedule: maxLatency -1
RationalIISchedulerLayer::schedule: recMinII is 2
RationalIISchedulerLayer::schedule: resMinII is 2.5
------------------------
RationalIISchedulerLayer::schedule: Found 1 valid rat II iteration values using SMax=-1
RationalIISchedulerLayer::schedule: building ilp problem for s / m : 2 / 5
RationalIISchedulerLayer::schedule: max. no. of iterations 1
MODULO Q SCHEDULER graph: 
------------------------------------------------------------------------------------
---------------------------------- Graph Model -------------------------------------
------------------------------------------------------------------------------------
Vertex:vertex_0(ID 0)
Vertex:vertex_1(ID 1)
Vertex:vertex_2(ID 2)
Vertex:vertex_3(ID 3)
Vertex:vertex_4(ID 4)
Vertex:vertex_5(ID 5)
Vertex:vertex_6(ID 6)
Vertex:vertex_7(ID 7)
Vertex:vertex_8(ID 8)
Vertex:vertex_9(ID 9)
Vertex:vertex_10(ID 10)
Vertex:vertex_11(ID 11)
Vertex:vertex_12(ID 12)
Vertex:vertex_13(ID 13)
Edge Id: 1. From Node vertex_0 to vertex_2 (Delay 0 Distance 0) depType Data
Edge Id: 2. From Node vertex_1 to vertex_2 (Delay 0 Distance 0) depType Data
Edge Id: 3. From Node vertex_2 to vertex_3 (Delay 0 Distance 0) depType Data
Edge Id: 4. From Node vertex_3 to vertex_4 (Delay 0 Distance 0) depType Data
Edge Id: 5. From Node vertex_3 to vertex_0 (Delay 0 Distance 4) depType Data
Edge Id: 6. From Node vertex_5 to vertex_7 (Delay 0 Distance 0) depType Data
Edge Id: 7. From Node vertex_12 to vertex_7 (Delay 0 Distance 0) depType Data
Edge Id: 8. From Node vertex_13 to vertex_7 (Delay 0 Distance 0) depType Data
Edge Id: 9. From Node vertex_6 to vertex_7 (Delay 0 Distance 0) depType Data
Edge Id: 10. From Node vertex_7 to vertex_8 (Delay 0 Distance 0) depType Data
Edge Id: 11. From Node vertex_8 to vertex_9 (Delay 0 Distance 0) depType Data
Edge Id: 12. From Node vertex_9 to vertex_6 (Delay 0 Distance 2) depType Data
Edge Id: 13. From Node vertex_9 to vertex_10 (Delay 0 Distance 0) depType Data
Edge Id: 14. From Node vertex_9 to vertex_11 (Delay 0 Distance 0) depType Data

MODULO Q SCHEDULER resource model: 
------------------------------------------------------------------------------------
------------------------------- Resource Model -------------------------------------
------------------------------------------------------------------------------------
Resource Model has limited resource: red with limit/vertices 2/5, latency 2, blockingTime 1, physicalDelay 0
Resource Model has limited resource: green with limit/vertices 4/9, latency 1, blockingTime 1, physicalDelay 0
------------------------------------------------------------------------------------
------------------------------------------------------------------------------------
Registered vertex vertex_0 with red
Registered vertex vertex_1 with red
Registered vertex vertex_2 with red
Registered vertex vertex_3 with red
Registered vertex vertex_4 with red
Registered vertex vertex_5 with green
Registered vertex vertex_6 with green
Registered vertex vertex_7 with green
Registered vertex vertex_8 with green
Registered vertex vertex_9 with green
Registered vertex vertex_10 with green
Registered vertex vertex_11 with green
Registered vertex vertex_12 with green
Registered vertex vertex_13 with green
------------------------------------------------------------------------------------

M: 5
S: 2
Creating 'optimal' initiation interval sequence
  Lower II: 2
  Upper II: 3
  number of lower IIs: 1
  number of upper IIs: 1
  dominance of lower IIs: 1
    errAccumulator: 1
IIs: < 0 3 >
Start scheduling Attempt!
Latency Sequence: 
0 3 
Initiation Intervals: 
3 2 
setting MRT for latency sequence '0 3 '
Created resource copy from 'red' -> 'red'
Created resource copy from 'green' -> 'green'
Constructing dummy MRT now
Finished constructing dummy MRT now
Found limited resource with limit modulo #samples == 0 - build trivial MRT for this resource
specified MRT column height = 1 for resource red at column 0
specified MRT column height = 1 for resource red at column 1
specified MRT column height = 1 for resource red at column 2
specified MRT column height = 1 for resource red at column 3
specified MRT column height = 1 for resource red at column 4
Finished constructing dummy MRT now
Found limited resource with limit modulo #samples == 0 - build trivial MRT for this resource
specified MRT column height = 2 for resource green at column 0
specified MRT column height = 2 for resource green at column 1
specified MRT column height = 2 for resource green at column 2
specified MRT column height = 2 for resource green at column 3
specified MRT column height = 2 for resource green at column 4
MRT
  Resource red
0000000000 0000000000 0000000000 0000000000 0000000000 
  Resource green
0000000000 0000000000 0000000000 0000000000 0000000000 
0000000000 0000000000 0000000000 0000000000 0000000000 
Edge: vertex_0 -> vertex_2, distance: 0
  resulting omega_ij_min: 0
Edge: vertex_1 -> vertex_2, distance: 0
  resulting omega_ij_min: 0
Edge: vertex_2 -> vertex_3, distance: 0
  resulting omega_ij_min: 0
Edge: vertex_3 -> vertex_4, distance: 0
  resulting omega_ij_min: 0
Edge: vertex_3 -> vertex_0, distance: 4
  omega: 10
  omega_ij_min: 1000000
  omega: 10
  omega_ij_min: 10
  resulting omega_ij_min: 10
Edge: vertex_5 -> vertex_7, distance: 0
  resulting omega_ij_min: 0
Edge: vertex_12 -> vertex_7, distance: 0
  resulting omega_ij_min: 0
Edge: vertex_13 -> vertex_7, distance: 0
  resulting omega_ij_min: 0
Edge: vertex_6 -> vertex_7, distance: 0
  resulting omega_ij_min: 0
Edge: vertex_7 -> vertex_8, distance: 0
  resulting omega_ij_min: 0
Edge: vertex_8 -> vertex_9, distance: 0
  resulting omega_ij_min: 0
Edge: vertex_9 -> vertex_6, distance: 2
  omega: 5
  omega_ij_min: 1000000
  omega: 5
  omega_ij_min: 5
  resulting omega_ij_min: 5
Edge: vertex_9 -> vertex_10, distance: 0
  resulting omega_ij_min: 0
Edge: vertex_9 -> vertex_11, distance: 0
  resulting omega_ij_min: 0
SOLVER INTERNAL
MINIMIZE
  supersink
SUBJECT TO
  k_0 >= 0.000000
  time_0 >= 0.000000
  k_1 >= 0.000000
  time_1 >= 0.000000
  k_2 >= 0.000000
  time_2 >= 0.000000
  k_3 >= 0.000000
  time_3 >= 0.000000
  k_4 >= 0.000000
  time_4 >= 0.000000
  k_5 >= 0.000000
  time_5 >= 0.000000
  k_6 >= 0.000000
  time_6 >= 0.000000
  k_7 >= 0.000000
  time_7 >= 0.000000
  k_8 >= 0.000000
  time_8 >= 0.000000
  k_9 >= 0.000000
  time_9 >= 0.000000
  k_10 >= 0.000000
  time_10 >= 0.000000
  k_11 >= 0.000000
  time_11 >= 0.000000
  k_12 >= 0.000000
  time_12 >= 0.000000
  k_13 >= 0.000000
  time_13 >= 0.000000
  -a_1_0 - 2.000000 a_2_0 - 3.000000 a_3_0 - 4.000000 a_4_0 - 5.000000 k_0 + time_0 = 0.000000
  a_0_0 + a_1_0 + a_2_0 + a_3_0 + a_4_0 = 1.000000
  -a_1_1 - 2.000000 a_2_1 - 3.000000 a_3_1 - 4.000000 a_4_1 - 5.000000 k_1 + time_1 = 0.000000
  a_0_1 + a_1_1 + a_2_1 + a_3_1 + a_4_1 = 1.000000
  -a_1_2 - 2.000000 a_2_2 - 3.000000 a_3_2 - 4.000000 a_4_2 - 5.000000 k_2 + time_2 = 0.000000
  a_0_2 + a_1_2 + a_2_2 + a_3_2 + a_4_2 = 1.000000
  -a_1_3 - 2.000000 a_2_3 - 3.000000 a_3_3 - 4.000000 a_4_3 - 5.000000 k_3 + time_3 = 0.000000
  a_0_3 + a_1_3 + a_2_3 + a_3_3 + a_4_3 = 1.000000
  -a_1_4 - 2.000000 a_2_4 - 3.000000 a_3_4 - 4.000000 a_4_4 - 5.000000 k_4 + time_4 = 0.000000
  a_0_4 + a_1_4 + a_2_4 + a_3_4 + a_4_4 = 1.000000
  -a_1_5 - 2.000000 a_2_5 - 3.000000 a_3_5 - 4.000000 a_4_5 - 5.000000 k_5 + time_5 = 0.000000
  a_0_5 + a_1_5 + a_2_5 + a_3_5 + a_4_5 = 1.000000
  -a_1_6 - 2.000000 a_2_6 - 3.000000 a_3_6 - 4.000000 a_4_6 - 5.000000 k_6 + time_6 = 0.000000
  a_0_6 + a_1_6 + a_2_6 + a_3_6 + a_4_6 = 1.000000
  -a_1_7 - 2.000000 a_2_7 - 3.000000 a_3_7 - 4.000000 a_4_7 - 5.000000 k_7 + time_7 = 0.000000
  a_0_7 + a_1_7 + a_2_7 + a_3_7 + a_4_7 = 1.000000
  -a_1_8 - 2.000000 a_2_8 - 3.000000 a_3_8 - 4.000000 a_4_8 - 5.000000 k_8 + time_8 = 0.000000
  a_0_8 + a_1_8 + a_2_8 + a_3_8 + a_4_8 = 1.000000
  -a_1_9 - 2.000000 a_2_9 - 3.000000 a_3_9 - 4.000000 a_4_9 - 5.000000 k_9 + time_9 = 0.000000
  a_0_9 + a_1_9 + a_2_9 + a_3_9 + a_4_9 = 1.000000
  -a_1_10 - 2.000000 a_2_10 - 3.000000 a_3_10 - 4.000000 a_4_10 - 5.000000 k_10 + time_10 = 0.000000
  a_0_10 + a_1_10 + a_2_10 + a_3_10 + a_4_10 = 1.000000
  -a_1_11 - 2.000000 a_2_11 - 3.000000 a_3_11 - 4.000000 a_4_11 - 5.000000 k_11 + time_11 = 0.000000
  a_0_11 + a_1_11 + a_2_11 + a_3_11 + a_4_11 = 1.000000
  -a_1_12 - 2.000000 a_2_12 - 3.000000 a_3_12 - 4.000000 a_4_12 - 5.000000 k_12 + time_12 = 0.000000
  a_0_12 + a_1_12 + a_2_12 + a_3_12 + a_4_12 = 1.000000
  -a_1_13 - 2.000000 a_2_13 - 3.000000 a_3_13 - 4.000000 a_4_13 - 5.000000 k_13 + time_13 = 0.000000
  a_0_13 + a_1_13 + a_2_13 + a_3_13 + a_4_13 = 1.000000
  a_0_0 + a_0_1 + a_0_2 + a_0_3 + a_0_4 <= 1.000000
  a_1_0 + a_1_1 + a_1_2 + a_1_3 + a_1_4 <= 1.000000
  a_2_0 + a_2_1 + a_2_2 + a_2_3 + a_2_4 <= 1.000000
  a_3_0 + a_3_1 + a_3_2 + a_3_3 + a_3_4 <= 1.000000
  a_4_0 + a_4_1 + a_4_2 + a_4_3 + a_4_4 <= 1.000000
  a_0_10 + a_0_11 + a_0_12 + a_0_13 + a_0_5 + a_0_6 + a_0_7 + a_0_8 + a_0_9 <= 2.000000
  a_1_10 + a_1_11 + a_1_12 + a_1_13 + a_1_5 + a_1_6 + a_1_7 + a_1_8 + a_1_9 <= 2.000000
  a_2_10 + a_2_11 + a_2_12 + a_2_13 + a_2_5 + a_2_6 + a_2_7 + a_2_8 + a_2_9 <= 2.000000
  a_3_10 + a_3_11 + a_3_12 + a_3_13 + a_3_5 + a_3_6 + a_3_7 + a_3_8 + a_3_9 <= 2.000000
  a_4_10 + a_4_11 + a_4_12 + a_4_13 + a_4_5 + a_4_6 + a_4_7 + a_4_8 + a_4_9 <= 2.000000
  -time_0 + time_2 >= 2.000000
  -time_1 + time_2 >= 2.000000
  -time_2 + time_3 >= 2.000000
  -time_3 + time_4 >= 2.000000
  time_0 - time_3 >= -8.000000
  -time_5 + time_7 >= 1.000000
  -time_12 + time_7 >= 1.000000
  -time_13 + time_7 >= 1.000000
  -time_6 + time_7 >= 1.000000
  -time_7 + time_8 >= 1.000000
  -time_8 + time_9 >= 1.000000
  time_6 - time_9 >= -4.000000
  time_10 - time_9 >= 1.000000
  time_11 - time_9 >= 1.000000
  supersink >= 0.000000
  supersink - time_4 >= 2.000000
  supersink - time_10 >= 1.000000
  supersink - time_11 >= 1.000000
BOUNDS
  a_0_0 <= 1
  a_0_1 <= 1
  a_0_10 <= 1
  a_0_11 <= 1
  a_0_12 <= 1
  a_0_13 <= 1
  a_0_2 <= 1
  a_0_3 <= 1
  a_0_4 <= 1
  a_0_5 <= 1
  a_0_6 <= 1
  a_0_7 <= 1
  a_0_8 <= 1
  a_0_9 <= 1
  a_1_0 <= 1
  a_1_1 <= 1
  a_1_10 <= 1
  a_1_11 <= 1
  a_1_12 <= 1
  a_1_13 <= 1
  a_1_2 <= 1
  a_1_3 <= 1
  a_1_4 <= 1
  a_1_5 <= 1
  a_1_6 <= 1
  a_1_7 <= 1
  a_1_8 <= 1
  a_1_9 <= 1
  a_2_0 <= 1
  a_2_1 <= 1
  a_2_10 <= 1
  a_2_11 <= 1
  a_2_12 <= 1
  a_2_13 <= 1
  a_2_2 <= 1
  a_2_3 <= 1
  a_2_4 <= 1
  a_2_5 <= 1
  a_2_6 <= 1
  a_2_7 <= 1
  a_2_8 <= 1
  a_2_9 <= 1
  a_3_0 <= 1
  a_3_1 <= 1
  a_3_10 <= 1
  a_3_11 <= 1
  a_3_12 <= 1
  a_3_13 <= 1
  a_3_2 <= 1
  a_3_3 <= 1
  a_3_4 <= 1
  a_3_5 <= 1
  a_3_6 <= 1
  a_3_7 <= 1
  a_3_8 <= 1
  a_3_9 <= 1
  a_4_0 <= 1
  a_4_1 <= 1
  a_4_10 <= 1
  a_4_11 <= 1
  a_4_12 <= 1
  a_4_13 <= 1
  a_4_2 <= 1
  a_4_3 <= 1
  a_4_4 <= 1
  a_4_5 <= 1
  a_4_6 <= 1
  a_4_7 <= 1
  a_4_8 <= 1
  a_4_9 <= 1
  k_0 FREE
  k_1 FREE
  k_10 FREE
  k_11 FREE
  k_12 FREE
  k_13 FREE
  k_2 FREE
  k_3 FREE
  k_4 FREE
  k_5 FREE
  k_6 FREE
  k_7 FREE
  k_8 FREE
  k_9 FREE
  supersink FREE
  time_0 FREE
  time_1 FREE
  time_10 FREE
  time_11 FREE
  time_12 FREE
  time_13 FREE
  time_2 FREE
  time_3 FREE
  time_4 FREE
  time_5 FREE
  time_6 FREE
  time_7 FREE
  time_8 FREE
  time_9 FREE
BINARY
  a_0_0
  a_0_1
  a_0_10
  a_0_11
  a_0_12
  a_0_13
  a_0_2
  a_0_3
  a_0_4
  a_0_5
  a_0_6
  a_0_7
  a_0_8
  a_0_9
  a_1_0
  a_1_1
  a_1_10
  a_1_11
  a_1_12
  a_1_13
  a_1_2
  a_1_3
  a_1_4
  a_1_5
  a_1_6
  a_1_7
  a_1_8
  a_1_9
  a_2_0
  a_2_1
  a_2_10
  a_2_11
  a_2_12
  a_2_13
  a_2_2
  a_2_3
  a_2_4
  a_2_5
  a_2_6
  a_2_7
  a_2_8
  a_2_9
  a_3_0
  a_3_1
  a_3_10
  a_3_11
  a_3_12
  a_3_13
  a_3_2
  a_3_3
  a_3_4
  a_3_5
  a_3_6
  a_3_7
  a_3_8
  a_3_9
  a_4_0
  a_4_1
  a_4_10
  a_4_11
  a_4_12
  a_4_13
  a_4_2
  a_4_3
  a_4_4
  a_4_5
  a_4_6
  a_4_7
  a_4_8
  a_4_9
GENERAL
  k_0
  k_1
  k_10
  k_11
  k_12
  k_13
  k_2
  k_3
  k_4
  k_5
  k_6
  k_7
  k_8
  k_9
  supersink
  time_0
  time_1
  time_10
  time_11
  time_12
  time_13
  time_2
  time_3
  time_4
  time_5
  time_6
  time_7
  time_8
  time_9
END

Time to solve: 0.041337 sec
ScaLP status:OPTIMAL
Found feasible solution!
Rational II modulo schedule found with:
  S=2
  M=5
  IIs=3 2 
  Latency=10
RationalIISchedulerLayer::verifySchedule: start verifier for II=5/2
RationalIISchedulerLayer::verifySchedule: UNROLLED GRAPH:
------------------------------------------------------------------------------------
---------------------------------- Graph Model -------------------------------------
------------------------------------------------------------------------------------
Vertex:vertex_7_1(ID 16)
Vertex:vertex_8_0(ID 17)
Vertex:vertex_8_1(ID 18)
Vertex:vertex_9_0(ID 19)
Vertex:vertex_0_0(ID 1)
Vertex:vertex_1_0(ID 3)
Vertex:vertex_0_1(ID 2)
Vertex:vertex_5_1(ID 12)
Vertex:vertex_3_0(ID 7)
Vertex:vertex_9_1(ID 20)
Vertex:vertex_10_0(ID 21)
Vertex:vertex_10_1(ID 22)
Vertex:vertex_4_0(ID 9)
Vertex:vertex_7_0(ID 15)
Vertex:vertex_2_1(ID 6)
Vertex:vertex_6_1(ID 14)
Vertex:vertex_11_0(ID 23)
Vertex:vertex_11_1(ID 24)
Vertex:vertex_12_0(ID 25)
Vertex:vertex_4_1(ID 10)
Vertex:vertex_2_0(ID 5)
Vertex:vertex_3_1(ID 8)
Vertex:vertex_1_1(ID 4)
Vertex:vertex_5_0(ID 11)
Vertex:vertex_12_1(ID 26)
Vertex:vertex_13_0(ID 27)
Vertex:vertex_13_1(ID 28)
Vertex:vertex_6_0(ID 13)
Edge Id: 2. From Node vertex_0_1 to vertex_2_1 (Delay 0 Distance 0) depType Data
Edge Id: 3. From Node vertex_1_0 to vertex_2_0 (Delay 0 Distance 0) depType Data
Edge Id: 4. From Node vertex_1_1 to vertex_2_1 (Delay 0 Distance 0) depType Data
Edge Id: 5. From Node vertex_2_0 to vertex_3_0 (Delay 0 Distance 0) depType Data
Edge Id: 6. From Node vertex_2_1 to vertex_3_1 (Delay 0 Distance 0) depType Data
Edge Id: 7. From Node vertex_3_0 to vertex_4_0 (Delay 0 Distance 0) depType Data
Edge Id: 20. From Node vertex_7_1 to vertex_8_1 (Delay 0 Distance 0) depType Data
Edge Id: 21. From Node vertex_8_0 to vertex_9_0 (Delay 0 Distance 0) depType Data
Edge Id: 22. From Node vertex_8_1 to vertex_9_1 (Delay 0 Distance 0) depType Data
Edge Id: 23. From Node vertex_9_0 to vertex_6_0 (Delay 0 Distance 1) depType Data
Edge Id: 24. From Node vertex_9_1 to vertex_6_1 (Delay 0 Distance 1) depType Data
Edge Id: 25. From Node vertex_9_0 to vertex_10_0 (Delay 0 Distance 0) depType Data
Edge Id: 8. From Node vertex_3_1 to vertex_4_1 (Delay 0 Distance 0) depType Data
Edge Id: 9. From Node vertex_3_0 to vertex_0_0 (Delay 0 Distance 2) depType Data
Edge Id: 10. From Node vertex_3_1 to vertex_0_1 (Delay 0 Distance 2) depType Data
Edge Id: 11. From Node vertex_5_0 to vertex_7_0 (Delay 0 Distance 0) depType Data
Edge Id: 12. From Node vertex_5_1 to vertex_7_1 (Delay 0 Distance 0) depType Data
Edge Id: 13. From Node vertex_12_0 to vertex_7_0 (Delay 0 Distance 0) depType Data
Edge Id: 1. From Node vertex_0_0 to vertex_2_0 (Delay 0 Distance 0) depType Data
Edge Id: 14. From Node vertex_12_1 to vertex_7_1 (Delay 0 Distance 0) depType Data
Edge Id: 15. From Node vertex_13_0 to vertex_7_0 (Delay 0 Distance 0) depType Data
Edge Id: 16. From Node vertex_13_1 to vertex_7_1 (Delay 0 Distance 0) depType Data
Edge Id: 17. From Node vertex_6_0 to vertex_7_0 (Delay 0 Distance 0) depType Data
Edge Id: 18. From Node vertex_6_1 to vertex_7_1 (Delay 0 Distance 0) depType Data
Edge Id: 19. From Node vertex_7_0 to vertex_8_0 (Delay 0 Distance 0) depType Data
Edge Id: 26. From Node vertex_9_1 to vertex_10_1 (Delay 0 Distance 0) depType Data
Edge Id: 27. From Node vertex_9_0 to vertex_11_0 (Delay 0 Distance 0) depType Data
Edge Id: 28. From Node vertex_9_1 to vertex_11_1 (Delay 0 Distance 0) depType Data

RationalIISchedulerLayer::verifySchedule: UNROLLED RESOURCE MODEL:
------------------------------------------------------------------------------------
------------------------------- Resource Model -------------------------------------
------------------------------------------------------------------------------------
Resource Model has limited resource: red with limit/vertices 2/10, latency 2, blockingTime 1, physicalDelay 0
Resource Model has limited resource: green with limit/vertices 4/18, latency 1, blockingTime 1, physicalDelay 0
------------------------------------------------------------------------------------
------------------------------------------------------------------------------------
Registered vertex vertex_7_1 with green
Registered vertex vertex_8_0 with green
Registered vertex vertex_8_1 with green
Registered vertex vertex_9_0 with green
Registered vertex vertex_0_0 with red
Registered vertex vertex_1_0 with red
Registered vertex vertex_0_1 with red
Registered vertex vertex_5_1 with green
Registered vertex vertex_3_0 with red
Registered vertex vertex_9_1 with green
Registered vertex vertex_10_0 with green
Registered vertex vertex_10_1 with green
Registered vertex vertex_4_0 with red
Registered vertex vertex_7_0 with green
Registered vertex vertex_2_1 with red
Registered vertex vertex_6_1 with green
Registered vertex vertex_11_0 with green
Registered vertex vertex_11_1 with green
Registered vertex vertex_12_0 with green
Registered vertex vertex_4_1 with red
Registered vertex vertex_2_0 with red
Registered vertex vertex_3_1 with red
Registered vertex vertex_1_1 with red
Registered vertex vertex_5_0 with green
Registered vertex vertex_12_1 with green
Registered vertex vertex_13_0 with green
Registered vertex vertex_13_1 with green
Registered vertex vertex_6_0 with green
------------------------------------------------------------------------------------

Integer II schedule for unrolled graph is verified
Rational II schedule for original graph is verified
Tests::moduloQTest: finished scheduling - resulting control steps:
Tests::moduloQTest: start times for insertion time=0
  vertex_0 - 2
  vertex_1 - 0
  vertex_2 - 4
  vertex_3 - 6
  vertex_4 - 8
  vertex_5 - 1
  vertex_6 - 1
  vertex_7 - 3
  vertex_8 - 4
  vertex_9 - 5
  vertex_10 - 8
  vertex_11 - 7
  vertex_12 - 0
  vertex_13 - 2
Tests::moduloQTest: start times for insertion time=3
  vertex_0 - 5
  vertex_1 - 3
  vertex_2 - 7
  vertex_3 - 9
  vertex_4 - 11
  vertex_5 - 4
  vertex_6 - 4
  vertex_7 - 6
  vertex_8 - 7
  vertex_9 - 8
  vertex_10 - 11
  vertex_11 - 10
  vertex_12 - 3
  vertex_13 - 5
<end of output>
Test time =   0.07 sec
----------------------------------------------------------
Test Passed.
"ratIIModuloQ" end time: May 06 14:23 CEST
"ratIIModuloQ" time elapsed: 00:00:00
----------------------------------------------------------

20/28 Testing: ratIISCCQ
20/28 Test: ratIISCCQ
Command: "/home/bkessler/Repositories/hatschet/hatschet" "--test=RATIONALIISCCQ"
Directory: /home/bkessler/Repositories/hatschet
"ratIISCCQ" start time: May 06 14:23 CEST
Output:
----------------------------------------------------------
RationalIISchedulerLayer::schedule: start scheduling
RationalIISchedulerLayer::schedule: maxLatencyConstraint: -1
RationalIISchedulerLayer::schedule: modulo: 22
RationalIISchedulerLayer::schedule: samples: 5
------------------------
RationalIISchedulerLayer:schedule: start for 
RationalIISchedulerLayer:schedule: maxLatency -1
RationalIISchedulerLayer::schedule: recMinII is 1.33333
RationalIISchedulerLayer::schedule: resMinII is 4.4
------------------------
RationalIISchedulerLayer::schedule: Found 1 valid rat II iteration values using SMax=-1
RationalIISchedulerLayer::schedule: building ilp problem for s / m : 5 / 22
RationalIISchedulerLayer::schedule: max. no. of iterations 1
SCC Q SCHEDULER graph: 
------------------------------------------------------------------------------------
---------------------------------- Graph Model -------------------------------------
------------------------------------------------------------------------------------
Vertex:vertex_0(ID 0)
Vertex:vertex_1(ID 1)
Vertex:vertex_2(ID 2)
Vertex:vertex_3(ID 3)
Vertex:vertex_4(ID 4)
Vertex:vertex_5(ID 5)
Vertex:vertex_6(ID 6)
Vertex:vertex_7(ID 7)
Vertex:vertex_8(ID 8)
Vertex:vertex_9(ID 9)
Vertex:vertex_10(ID 10)
Vertex:vertex_11(ID 11)
Vertex:vertex_12(ID 12)
Vertex:vertex_13(ID 13)
Vertex:vertex_14(ID 14)
Vertex:vertex_15(ID 15)
Vertex:vertex_16(ID 16)
Vertex:vertex_17(ID 17)
Vertex:vertex_18(ID 18)
Vertex:vertex_19(ID 19)
Vertex:vertex_20(ID 20)
Vertex:vertex_21(ID 21)
Vertex:vertex_22(ID 22)
Vertex:vertex_23(ID 23)
Vertex:vertex_24(ID 24)
Vertex:vertex_25(ID 25)
Vertex:vertex_26(ID 26)
Edge Id: 1. From Node vertex_0 to vertex_2 (Delay 0 Distance 0) depType Data
Edge Id: 2. From Node vertex_1 to vertex_2 (Delay 0 Distance 0) depType Data
Edge Id: 3. From Node vertex_2 to vertex_3 (Delay 0 Distance 0) depType Data
Edge Id: 4. From Node vertex_3 to vertex_4 (Delay 0 Distance 0) depType Data
Edge Id: 5. From Node vertex_3 to vertex_0 (Delay 0 Distance 5) depType Data
Edge Id: 6. From Node vertex_5 to vertex_7 (Delay 0 Distance 0) depType Data
Edge Id: 7. From Node vertex_12 to vertex_7 (Delay 0 Distance 0) depType Data
Edge Id: 8. From Node vertex_13 to vertex_7 (Delay 0 Distance 0) depType Data
Edge Id: 9. From Node vertex_14 to vertex_7 (Delay 0 Distance 0) depType Data
Edge Id: 10. From Node vertex_6 to vertex_7 (Delay 0 Distance 0) depType Data
Edge Id: 11. From Node vertex_7 to vertex_8 (Delay 0 Distance 0) depType Data
Edge Id: 12. From Node vertex_8 to vertex_9 (Delay 0 Distance 0) depType Data
Edge Id: 13. From Node vertex_9 to vertex_6 (Delay 0 Distance 3) depType Data
Edge Id: 14. From Node vertex_9 to vertex_10 (Delay 0 Distance 0) depType Data
Edge Id: 15. From Node vertex_9 to vertex_11 (Delay 0 Distance 0) depType Data

SCC Q SCHEDULER resource model: 
------------------------------------------------------------------------------------
------------------------------- Resource Model -------------------------------------
------------------------------------------------------------------------------------
Resource Model has limited resource: red with limit/vertices 3/5, latency 2, blockingTime 1, physicalDelay 0
Resource Model has limited resource: green with limit/vertices 5/22, latency 1, blockingTime 1, physicalDelay 0
------------------------------------------------------------------------------------
------------------------------------------------------------------------------------
Registered vertex vertex_0 with red
Registered vertex vertex_1 with red
Registered vertex vertex_2 with red
Registered vertex vertex_3 with red
Registered vertex vertex_4 with red
Registered vertex vertex_5 with green
Registered vertex vertex_6 with green
Registered vertex vertex_7 with green
Registered vertex vertex_8 with green
Registered vertex vertex_9 with green
Registered vertex vertex_10 with green
Registered vertex vertex_11 with green
Registered vertex vertex_12 with green
Registered vertex vertex_13 with green
Registered vertex vertex_14 with green
Registered vertex vertex_15 with green
Registered vertex vertex_16 with green
Registered vertex vertex_17 with green
Registered vertex vertex_18 with green
Registered vertex vertex_19 with green
Registered vertex vertex_20 with green
Registered vertex vertex_21 with green
Registered vertex vertex_22 with green
Registered vertex vertex_23 with green
Registered vertex vertex_24 with green
Registered vertex vertex_25 with green
Registered vertex vertex_26 with green
------------------------------------------------------------------------------------

M: 22
S: 5

DFS on vertex_4 is done !!
DFS on vertex_3 is done !!
DFS on vertex_2 is done !!
DFS on vertex_0 is done !!
DFS on vertex_1 is done !!
DFS on vertex_6 is done !!
DFS on vertex_10 is done !!
DFS on vertex_11 is done !!
DFS on vertex_9 is done !!
DFS on vertex_8 is done !!
DFS on vertex_7 is done !!
DFS on vertex_5 is done !!
DFS on vertex_12 is done !!
DFS on vertex_13 is done !!
DFS on vertex_14 is done !!
DFS on vertex_15 is done !!
DFS on vertex_16 is done !!
DFS on vertex_17 is done !!
DFS on vertex_18 is done !!
DFS on vertex_19 is done !!
DFS on vertex_20 is done !!
DFS on vertex_21 is done !!
DFS on vertex_22 is done !!
DFS on vertex_23 is done !!
DFS on vertex_24 is done !!
DFS on vertex_25 is done !!
DFS on vertex_26 is done !!
-------------------------------------------------------------------------------------
DFS of Vertex 26 is finished
SCC_0 Has 1 Vertices
DFS of Vertex 25 is finished
SCC_1 Has 1 Vertices
DFS of Vertex 24 is finished
SCC_2 Has 1 Vertices
DFS of Vertex 23 is finished
SCC_3 Has 1 Vertices
DFS of Vertex 22 is finished
SCC_4 Has 1 Vertices
DFS of Vertex 21 is finished
SCC_5 Has 1 Vertices
DFS of Vertex 20 is finished
SCC_6 Has 1 Vertices
DFS of Vertex 19 is finished
SCC_7 Has 1 Vertices
DFS of Vertex 18 is finished
SCC_8 Has 1 Vertices
DFS of Vertex 17 is finished
SCC_9 Has 1 Vertices
DFS of Vertex 16 is finished
SCC_10 Has 1 Vertices
DFS of Vertex 15 is finished
SCC_11 Has 1 Vertices
DFS of Vertex 14 is finished
SCC_12 Has 1 Vertices
DFS of Vertex 13 is finished
SCC_13 Has 1 Vertices
DFS of Vertex 12 is finished
SCC_14 Has 1 Vertices
DFS of Vertex 5 is finished
SCC_15 Has 1 Vertices
DFS of Vertex 8 is finished
DFS of Vertex 9 is finished
DFS of Vertex 6 is finished
DFS of Vertex 7 is finished
SCC_16 Has 4 Vertices
DFS of Vertex 11 is finished
SCC_17 Has 1 Vertices
DFS of Vertex 10 is finished
SCC_18 Has 1 Vertices
DFS of Vertex 1 is finished
SCC_19 Has 1 Vertices
DFS of Vertex 2 is finished
DFS of Vertex 3 is finished
DFS of Vertex 0 is finished
SCC_20 Has 3 Vertices
DFS of Vertex 4 is finished
SCC_21 Has 1 Vertices
START MODULO Q SCHEDULER
RationalIISchedulerLayer::schedule: start scheduling
RationalIISchedulerLayer::schedule: maxLatencyConstraint: -1
RationalIISchedulerLayer::schedule: modulo: 22
RationalIISchedulerLayer::schedule: samples: 5
------------------------
RationalIISchedulerLayer:schedule: start for 
RationalIISchedulerLayer:schedule: maxLatency -1
RationalIISchedulerLayer::schedule: recMinII is 1.33333
RationalIISchedulerLayer::schedule: resMinII is 1
------------------------
RationalIISchedulerLayer::schedule: Found 1 valid rat II iteration values using SMax=-1
RationalIISchedulerLayer::schedule: building ilp problem for s / m : 5 / 22
RationalIISchedulerLayer::schedule: max. no. of iterations 1
MODULO Q SCHEDULER graph: 
------------------------------------------------------------------------------------
---------------------------------- Graph Model -------------------------------------
------------------------------------------------------------------------------------
Vertex:vertex_8(ID 8)
Vertex:vertex_9(ID 9)
Vertex:vertex_6(ID 6)
Vertex:vertex_7(ID 7)
Vertex:vertex_2(ID 2)
Vertex:vertex_3(ID 3)
Vertex:vertex_0(ID 0)
Edge Id: 1. From Node vertex_6 to vertex_7 (Delay 0 Distance 0) depType Data
Edge Id: 2. From Node vertex_7 to vertex_8 (Delay 0 Distance 0) depType Data
Edge Id: 3. From Node vertex_8 to vertex_9 (Delay 0 Distance 0) depType Data
Edge Id: 4. From Node vertex_9 to vertex_6 (Delay 0 Distance 3) depType Data
Edge Id: 5. From Node vertex_0 to vertex_2 (Delay 0 Distance 0) depType Data
Edge Id: 6. From Node vertex_2 to vertex_3 (Delay 0 Distance 0) depType Data
Edge Id: 7. From Node vertex_3 to vertex_0 (Delay 0 Distance 5) depType Data

MODULO Q SCHEDULER resource model: 
------------------------------------------------------------------------------------
------------------------------- Resource Model -------------------------------------
------------------------------------------------------------------------------------
Resource Model has limited resource: red with limit/vertices 3/3, latency 2, blockingTime 1, physicalDelay 0
Resource Model has limited resource: green with limit/vertices 5/4, latency 1, blockingTime 1, physicalDelay 0
------------------------------------------------------------------------------------
------------------------------------------------------------------------------------
Registered vertex vertex_8 with green
Registered vertex vertex_9 with green
Registered vertex vertex_6 with green
Registered vertex vertex_7 with green
Registered vertex vertex_2 with red
Registered vertex vertex_3 with red
Registered vertex vertex_0 with red
------------------------------------------------------------------------------------

M: 22
S: 5
Creating 'optimal' initiation interval sequence
  Lower II: 4
  Upper II: 5
  number of lower IIs: 3
  number of upper IIs: 2
  dominance of lower IIs: 1
    errAccumulator: 2
    errAccumulator: 4
    errAccumulator: 3
IIs: < 0 4 9 13 18 >
Start scheduling Attempt!
Latency Sequence: 
0 4 9 13 18 
Initiation Intervals: 
4 5 4 5 4 
setting MRT for latency sequence '0 4 9 13 18 '
Created resource copy from 'red' -> 'red'
Created resource copy from 'green' -> 'green'
Constructing dummy MRT now
Finished constructing dummy MRT now
i=0, limit = 3
specified dummy MRT column height = 3 for resource red at column 0
i=1, limit = 3
specified dummy MRT column height = 3 for resource red at column 1
i=2, limit = 3
specified dummy MRT column height = 3 for resource red at column 2
i=3, limit = 3
specified dummy MRT column height = 3 for resource red at column 3
i=4, limit = 3
specified dummy MRT column height = 3 for resource red at column 4
i=5, limit = 3
specified dummy MRT column height = 3 for resource red at column 5
i=6, limit = 3
specified dummy MRT column height = 3 for resource red at column 6
i=7, limit = 3
specified dummy MRT column height = 3 for resource red at column 7
i=8, limit = 3
specified dummy MRT column height = 3 for resource red at column 8
i=9, limit = 3
specified dummy MRT column height = 3 for resource red at column 9
i=10, limit = 3
specified dummy MRT column height = 3 for resource red at column 10
i=11, limit = 3
specified dummy MRT column height = 3 for resource red at column 11
i=12, limit = 3
specified dummy MRT column height = 3 for resource red at column 12
i=13, limit = 3
specified dummy MRT column height = 3 for resource red at column 13
i=14, limit = 3
specified dummy MRT column height = 3 for resource red at column 14
i=15, limit = 3
specified dummy MRT column height = 3 for resource red at column 15
i=16, limit = 3
specified dummy MRT column height = 3 for resource red at column 16
i=17, limit = 3
specified dummy MRT column height = 3 for resource red at column 17
i=18, limit = 3
specified dummy MRT column height = 3 for resource red at column 18
i=19, limit = 3
specified dummy MRT column height = 3 for resource red at column 19
i=20, limit = 3
specified dummy MRT column height = 3 for resource red at column 20
i=21, limit = 3
specified dummy MRT column height = 3 for resource red at column 21
created dummy MRT
created dummy vertices
  counter=0
  vertexCounter=0
    latency = 0
    moduloSlot = 0
    inserted vertex 0 to modulo slot 0
    latency = 4
    moduloSlot = 4
    inserted vertex 0 to modulo slot 4
    latency = 9
    moduloSlot = 9
    inserted vertex 0 to modulo slot 9
    latency = 13
    moduloSlot = 13
    inserted vertex 0 to modulo slot 13
    latency = 18
    moduloSlot = 18
    inserted vertex 0 to modulo slot 18
    found MRT slot for vertex
    MRT height: 1
  counter=1
  vertexCounter=1
    latency = 0
    moduloSlot = 0
    inserted vertex 1 to modulo slot 1
    latency = 4
    moduloSlot = 4
    inserted vertex 1 to modulo slot 5
    latency = 9
    moduloSlot = 9
    inserted vertex 1 to modulo slot 10
    latency = 13
    moduloSlot = 13
    inserted vertex 1 to modulo slot 14
    latency = 18
    moduloSlot = 18
    inserted vertex 1 to modulo slot 19
    found MRT slot for vertex
    MRT height: 1
  counter=2
  vertexCounter=2
    latency = 0
    moduloSlot = 0
    inserted vertex 2 to modulo slot 2
    latency = 4
    moduloSlot = 4
    inserted vertex 2 to modulo slot 6
    latency = 9
    moduloSlot = 9
    inserted vertex 2 to modulo slot 11
    latency = 13
    moduloSlot = 13
    inserted vertex 2 to modulo slot 15
    latency = 18
    moduloSlot = 18
    inserted vertex 2 to modulo slot 20
    found MRT slot for vertex
    MRT height: 1
  counter=3
  vertexCounter=3
    latency = 0
    moduloSlot = 0
    inserted vertex 3 to modulo slot 3
    latency = 4
    moduloSlot = 4
    inserted vertex 3 to modulo slot 7
    latency = 9
    moduloSlot = 9
    inserted vertex 3 to modulo slot 12
    latency = 13
    moduloSlot = 13
    inserted vertex 3 to modulo slot 16
    latency = 18
    moduloSlot = 18
    inserted vertex 3 to modulo slot 21
    found MRT slot for vertex
    MRT height: 1
  counter=4
  vertexCounter=4
    latency = 0
    moduloSlot = 0
    inserted vertex 4 to modulo slot 4
    latency = 4
    moduloSlot = 4
    inserted vertex 4 to modulo slot 8
    latency = 9
    moduloSlot = 9
    inserted vertex 4 to modulo slot 13
    latency = 13
    moduloSlot = 13
    inserted vertex 4 to modulo slot 17
    latency = 18
    moduloSlot = 18
    inserted vertex 4 to modulo slot 0
    found MRT slot for vertex
    MRT height: 1
  counter=5
  vertexCounter=5
    latency = 0
    moduloSlot = 0
    inserted vertex 5 to modulo slot 5
    latency = 4
    moduloSlot = 4
    inserted vertex 5 to modulo slot 9
    latency = 9
    moduloSlot = 9
    inserted vertex 5 to modulo slot 14
    latency = 13
    moduloSlot = 13
    inserted vertex 5 to modulo slot 18
    latency = 18
    moduloSlot = 18
    inserted vertex 5 to modulo slot 1
    found MRT slot for vertex
    MRT height: 1
  counter=6
  vertexCounter=6
    latency = 0
    moduloSlot = 0
    inserted vertex 6 to modulo slot 6
    latency = 4
    moduloSlot = 4
    inserted vertex 6 to modulo slot 10
    latency = 9
    moduloSlot = 9
    inserted vertex 6 to modulo slot 15
    latency = 13
    moduloSlot = 13
    inserted vertex 6 to modulo slot 19
    latency = 18
    moduloSlot = 18
    inserted vertex 6 to modulo slot 2
    found MRT slot for vertex
    MRT height: 1
  counter=7
  vertexCounter=7
    latency = 0
    moduloSlot = 0
    inserted vertex 7 to modulo slot 7
    latency = 4
    moduloSlot = 4
    inserted vertex 7 to modulo slot 11
    latency = 9
    moduloSlot = 9
    inserted vertex 7 to modulo slot 16
    latency = 13
    moduloSlot = 13
    inserted vertex 7 to modulo slot 20
    latency = 18
    moduloSlot = 18
    inserted vertex 7 to modulo slot 3
    found MRT slot for vertex
    MRT height: 1
  counter=8
  vertexCounter=8
    latency = 0
    moduloSlot = 0
    inserted vertex 8 to modulo slot 8
    latency = 4
    moduloSlot = 4
    inserted vertex 8 to modulo slot 12
    latency = 9
    moduloSlot = 9
    inserted vertex 8 to modulo slot 17
    latency = 13
    moduloSlot = 13
    inserted vertex 8 to modulo slot 21
    latency = 18
    moduloSlot = 18
    inserted vertex 8 to modulo slot 4
    found MRT slot for vertex
    MRT height: 1
  counter=9
  vertexCounter=9
    latency = 0
    moduloSlot = 0
    inserted vertex 9 to modulo slot 9
    latency = 4
    moduloSlot = 4
    inserted vertex 9 to modulo slot 13
    latency = 9
    moduloSlot = 9
    inserted vertex 9 to modulo slot 18
    latency = 13
    moduloSlot = 13
    inserted vertex 9 to modulo slot 0
    latency = 18
    moduloSlot = 18
    inserted vertex 9 to modulo slot 5
    found MRT slot for vertex
    MRT height: 1
  counter=10
  vertexCounter=10
    latency = 0
    moduloSlot = 0
    inserted vertex 10 to modulo slot 10
    latency = 4
    moduloSlot = 4
    inserted vertex 10 to modulo slot 14
    latency = 9
    moduloSlot = 9
    inserted vertex 10 to modulo slot 19
    latency = 13
    moduloSlot = 13
    inserted vertex 10 to modulo slot 1
    latency = 18
    moduloSlot = 18
    inserted vertex 10 to modulo slot 6
    found MRT slot for vertex
    MRT height: 1
  counter=11
  vertexCounter=11
    latency = 0
    moduloSlot = 0
    inserted vertex 11 to modulo slot 11
    latency = 4
    moduloSlot = 4
    inserted vertex 11 to modulo slot 15
    latency = 9
    moduloSlot = 9
    inserted vertex 11 to modulo slot 20
    latency = 13
    moduloSlot = 13
    inserted vertex 11 to modulo slot 2
    latency = 18
    moduloSlot = 18
    inserted vertex 11 to modulo slot 7
    found MRT slot for vertex
    MRT height: 1
  counter=12
  vertexCounter=12
    latency = 0
    moduloSlot = 0
    inserted vertex 12 to modulo slot 12
    latency = 4
    moduloSlot = 4
    inserted vertex 12 to modulo slot 16
    latency = 9
    moduloSlot = 9
    inserted vertex 12 to modulo slot 21
    latency = 13
    moduloSlot = 13
    inserted vertex 12 to modulo slot 3
    latency = 18
    moduloSlot = 18
    inserted vertex 12 to modulo slot 8
    found MRT slot for vertex
    MRT height: 1
  counter=13
  vertexCounter=13
    latency = 0
    moduloSlot = 0
    MRT at column 13 is already full
    removing vertex from MRT
  counter=14
  vertexCounter=13
    latency = 0
    moduloSlot = 0
    MRT at column 14 is already full
    removing vertex from MRT
  counter=15
  vertexCounter=13
    latency = 0
    moduloSlot = 0
    MRT at column 15 is already full
    removing vertex from MRT
  counter=16
  vertexCounter=13
    latency = 0
    moduloSlot = 0
    MRT at column 16 is already full
    removing vertex from MRT
  counter=17
  vertexCounter=13
    latency = 0
    moduloSlot = 0
    inserted vertex 13 to modulo slot 17
    latency = 4
    moduloSlot = 4
    MRT at column 21 is already full
    removing vertex from MRT
  counter=18
  vertexCounter=13
    latency = 0
    moduloSlot = 0
    MRT at column 18 is already full
    removing vertex from MRT
  counter=19
  vertexCounter=13
    latency = 0
    moduloSlot = 0
    MRT at column 19 is already full
    removing vertex from MRT
  counter=20
  vertexCounter=13
    latency = 0
    moduloSlot = 0
    MRT at column 20 is already full
    removing vertex from MRT
  counter=21
  vertexCounter=13
    latency = 0
    moduloSlot = 0
    MRT at column 21 is already full
    removing vertex from MRT
  counter=22
  vertexCounter=13
    latency = 0
    moduloSlot = 0
    MRT at column 0 is already full
    removing vertex from MRT
  counter=23
  vertexCounter=13
    latency = 0
    moduloSlot = 0
    MRT at column 1 is already full
    removing vertex from MRT
  counter=24
  vertexCounter=13
    latency = 0
    moduloSlot = 0
    MRT at column 2 is already full
    removing vertex from MRT
  counter=25
  vertexCounter=13
    latency = 0
    moduloSlot = 0
    MRT at column 3 is already full
    removing vertex from MRT
  counter=26
  vertexCounter=13
    latency = 0
    moduloSlot = 0
    MRT at column 4 is already full
    removing vertex from MRT
  counter=27
  vertexCounter=13
    latency = 0
    moduloSlot = 0
    MRT at column 5 is already full
    removing vertex from MRT
  counter=28
  vertexCounter=13
    latency = 0
    moduloSlot = 0
    MRT at column 6 is already full
    removing vertex from MRT
  counter=29
  vertexCounter=13
    latency = 0
    moduloSlot = 0
    MRT at column 7 is already full
    removing vertex from MRT
  counter=30
  vertexCounter=13
    latency = 0
    moduloSlot = 0
    MRT at column 8 is already full
    removing vertex from MRT
  counter=31
  vertexCounter=13
    latency = 0
    moduloSlot = 0
    MRT at column 9 is already full
    removing vertex from MRT
  counter=32
  vertexCounter=13
    latency = 0
    moduloSlot = 0
    MRT at column 10 is already full
    removing vertex from MRT
  counter=33
  vertexCounter=13
    latency = 0
    moduloSlot = 0
    MRT at column 11 is already full
    removing vertex from MRT
  counter=34
  vertexCounter=13
    latency = 0
    moduloSlot = 0
    MRT at column 12 is already full
    removing vertex from MRT
specified MRT column height = 1 for resource red at column 0
specified MRT column height = 1 for resource red at column 1
specified MRT column height = 1 for resource red at column 2
specified MRT column height = 1 for resource red at column 3
specified MRT column height = 1 for resource red at column 4
specified MRT column height = 1 for resource red at column 5
specified MRT column height = 1 for resource red at column 6
specified MRT column height = 1 for resource red at column 7
specified MRT column height = 1 for resource red at column 8
specified MRT column height = 1 for resource red at column 9
specified MRT column height = 1 for resource red at column 10
specified MRT column height = 1 for resource red at column 11
specified MRT column height = 1 for resource red at column 12
specified MRT column height = 0 for resource red at column 13
specified MRT column height = 0 for resource red at column 14
specified MRT column height = 0 for resource red at column 15
specified MRT column height = 0 for resource red at column 16
specified MRT column height = 0 for resource red at column 17
specified MRT column height = 0 for resource red at column 18
specified MRT column height = 0 for resource red at column 19
specified MRT column height = 0 for resource red at column 20
specified MRT column height = 0 for resource red at column 21
Finished constructing dummy MRT now
Found limited resource with limit modulo #samples == 0 - build trivial MRT for this resource
specified MRT column height = 1 for resource green at column 0
specified MRT column height = 1 for resource green at column 1
specified MRT column height = 1 for resource green at column 2
specified MRT column height = 1 for resource green at column 3
specified MRT column height = 1 for resource green at column 4
specified MRT column height = 1 for resource green at column 5
specified MRT column height = 1 for resource green at column 6
specified MRT column height = 1 for resource green at column 7
specified MRT column height = 1 for resource green at column 8
specified MRT column height = 1 for resource green at column 9
specified MRT column height = 1 for resource green at column 10
specified MRT column height = 1 for resource green at column 11
specified MRT column height = 1 for resource green at column 12
specified MRT column height = 1 for resource green at column 13
specified MRT column height = 1 for resource green at column 14
specified MRT column height = 1 for resource green at column 15
specified MRT column height = 1 for resource green at column 16
specified MRT column height = 1 for resource green at column 17
specified MRT column height = 1 for resource green at column 18
specified MRT column height = 1 for resource green at column 19
specified MRT column height = 1 for resource green at column 20
specified MRT column height = 1 for resource green at column 21
MRT
  Resource red
0000000000 0000000000 0000000000 0000000000 0000000000 0000000000 0000000000 0000000000 0000000000 0000000000 0000000000 0000000000 0000000000 ---------- ---------- ---------- ---------- ---------- ---------- ---------- ---------- ---------- 
  Resource green
0000000000 0000000000 0000000000 0000000000 0000000000 0000000000 0000000000 0000000000 0000000000 0000000000 0000000000 0000000000 0000000000 0000000000 0000000000 0000000000 0000000000 0000000000 0000000000 0000000000 0000000000 0000000000 
Edge: vertex_6 -> vertex_7, distance: 0
  resulting omega_ij_min: 0
[...]
  'mult' (0) -> 'mult' (1) port 1 over 0 registers
  'mult' (1) -> 'memW' (0) port 0 over 0 registers
  'mult' (1) -> 'mult' (0) port 1 over 5 registers
  'mult' (1) -> 'mult' (1) port 1 over 0 registers
  'cons' (0) -> 'mult' (1) port 0 over 2 registers
connections in general binding container:
  'register' (1) port 0 -> 'mult' (1) port 0
    active in t=0
  'mult' (1) port 0 -> 'mult' (1) port 1
    active in t=0
  'register' (7) port 0 -> 'mult' (0) port 1
    active in t=0
  'mult' (1) port 0 -> 'memW' (0) port 0
    active in t=1
  'mult' (0) port 0 -> 'mult' (1) port 1
    active in t=1
  'register' (2) port 0 -> 'mult' (1) port 0
    active in t=1
  'memR' (0) port 0 -> 'mult' (0) port 0
    active in t=0
  'register' (6) port 0 -> 'register' (7) port 0
    active in t=0
    active in t=1
  'register' (5) port 0 -> 'register' (6) port 0
    active in t=0
    active in t=1
  'register' (4) port 0 -> 'register' (5) port 0
    active in t=0
    active in t=1
  'register' (3) port 0 -> 'register' (4) port 0
    active in t=0
    active in t=1
  'mult' (1) port 0 -> 'register' (3) port 0
    active in t=0
    active in t=1
  'memR' (1) port 0 -> 'register' (2) port 0
    active in t=0
    active in t=1
  'register' (0) port 0 -> 'register' (1) port 0
    active in t=0
    active in t=1
  'cons' (0) port 0 -> 'register' (0) port 0
    active in t=0
    active in t=1
register enable times:
  reg #0: 
    0
    1
  reg #1: 
    0
    1
  reg #2: 
    0
    1
  reg #3: 
    0
    1
  reg #4: 
    0
    1
  reg #5: 
    0
    1
  reg #6: 
    0
    1
  reg #7: 
    0
    1
ILP-based binding finished
ILP-based binding is valid
ILP-based implementation multiplexer costs: 7
ILP-based implementation number of 2x1 multiplexers: 2
ILP-based implementation register costs: 8
<end of output>
Test time =   0.05 sec
----------------------------------------------------------
Test Passed.
"treeBind" end time: May 06 14:23 CEST
"treeBind" time elapsed: 00:00:00
----------------------------------------------------------

25/28 Testing: treeBindCommutative
25/28 Test: treeBindCommutative
Command: "/home/bkessler/Repositories/hatschet/hatschet" "--test=TREEBINDCOMMUTATIVE"
Directory: /home/bkessler/Repositories/hatschet
"treeBindCommutative" start time: May 06 14:23 CEST
Output:
----------------------------------------------------------
Integer-II Schedule with II = 2:
  x0 - 0
  x1 - 1
  c - 0
  mult0 - 1
  mult1 - 2
  y0 - 2
  y1 - 3
TreeBind::bind: fixed binding 'c' -> '0'
TreeBind::iterativeTreeSearch: start
TreeBind::iterativeTreeSearch: initialized stack

TreeBind::iterativeTreeSearch: start new iteration (1)
  elapsed time = 0
  next vertex: y1
  remaining stack: 
    empty
  removed binding info for 'y1'
  removed binding info for 'y0'
  removed binding info for 'mult1'
  removed binding info for 'mult0'
  removed binding info for 'x1'
  removed binding info for 'x0'
  added binding info for 'y1' to FU 0
  did not hit leaf node
  remaining stack after iteration 1: 
    y0 - 0
  resource bindings after iteration 1:
    c -> 0
    y1 -> 0
  current fu connections:
    empty
  multiplexer costs: 0
  register costs: 0
  updated elapsed time (0); starting new iteration now...

TreeBind::iterativeTreeSearch: start new iteration (2)
  elapsed time = 0
  next vertex: y0
  remaining stack: 
    empty
  removed binding info for 'y0'
  removed binding info for 'mult1'
  removed binding info for 'mult0'
  removed binding info for 'x1'
  removed binding info for 'x0'
  added binding info for 'y0' to FU 0
  did not hit leaf node
  remaining stack after iteration 2: 
    mult1 - 0
    mult1 - 0
  resource bindings after iteration 2:
    c -> 0
    y0 -> 0
    y1 -> 0
  current fu connections:
    empty
  multiplexer costs: 0
  register costs: 0
  updated elapsed time (0); starting new iteration now...

TreeBind::iterativeTreeSearch: start new iteration (3)
  elapsed time = 0
  next vertex: mult1
  remaining stack: 
    mult1 - 0
  removed binding info for 'mult1'
  removed binding info for 'mult0'
  removed binding info for 'x1'
  removed binding info for 'x0'
  added binding info for 'mult1' to FU 0
  did not hit leaf node
  remaining stack after iteration 3: 
    mult0 - 0
    mult0 - 0
    mult1 - 0
  resource bindings after iteration 3:
    c -> 0
    mult1 -> 0
    y0 -> 0
    y1 -> 0
  current fu connections:
    cons (0) -> mult (0) port '1' over '2' lifetime registers
    mult (0) -> memW (0) port '0' over '0' lifetime registers
  multiplexer costs: 2
  register costs: 2
  updated elapsed time (0); starting new iteration now...

TreeBind::iterativeTreeSearch: start new iteration (4)
  elapsed time = 0
  next vertex: mult0
  remaining stack: 
    mult0 - 0
    mult1 - 0
  removed binding info for 'mult0'
  removed binding info for 'x1'
  removed binding info for 'x0'
  added binding info for 'mult0' to FU 0
  did not hit leaf node
  remaining stack after iteration 4: 
    x1 - 0
    mult0 - 0
    mult1 - 0
  resource bindings after iteration 4:
    c -> 0
    mult0 -> 0
    mult1 -> 0
    y0 -> 0
    y1 -> 0
  current fu connections:
    cons (0) -> mult (0) port '0' over '1' lifetime registers
    cons (0) -> mult (0) port '1' over '2' lifetime registers
    mult (0) -> memW (0) port '0' over '0' lifetime registers
  multiplexer costs: 3
  register costs: 2
  updated elapsed time (0); starting new iteration now...

TreeBind::iterativeTreeSearch: start new iteration (5)
  elapsed time = 0
  next vertex: x1
  remaining stack: 
    mult0 - 0
    mult1 - 0
  removed binding info for 'x1'
  removed binding info for 'x0'
  added binding info for 'x1' to FU 0
  did not hit leaf node
  remaining stack after iteration 5: 
    x0 - 0
    mult0 - 0
    mult1 - 0
  resource bindings after iteration 5:
    c -> 0
    mult0 -> 0
    mult1 -> 0
    x1 -> 0
    y0 -> 0
    y1 -> 0
  current fu connections:
    cons (0) -> mult (0) port '0' over '1' lifetime registers
    memR (0) -> mult (0) port '0' over '0' lifetime registers
    cons (0) -> mult (0) port '1' over '2' lifetime registers
    mult (0) -> memW (0) port '0' over '0' lifetime registers
  multiplexer costs: 4
  register costs: 2
  updated elapsed time (0); starting new iteration now...

TreeBind::iterativeTreeSearch: start new iteration (6)
  elapsed time = 0
  next vertex: x0
  remaining stack: 
    mult0 - 0
    mult1 - 0
  removed binding info for 'x0'
  added binding info for 'x0' to FU 0
  hit leaf node
  updated best solution
  remaining stack after iteration 6: 
    mult0 - 0
    mult1 - 0
  resource bindings after iteration 6:
    c -> 0
    mult0 -> 0
    mult1 -> 0
    x0 -> 0
    x1 -> 0
    y0 -> 0
    y1 -> 0
  current fu connections:
    memR (0) -> mult (0) port '1' over '0' lifetime registers
    cons (0) -> mult (0) port '0' over '1' lifetime registers
    memR (0) -> mult (0) port '0' over '0' lifetime registers
    cons (0) -> mult (0) port '1' over '2' lifetime registers
    mult (0) -> memW (0) port '0' over '0' lifetime registers
  multiplexer costs: 5
  register costs: 2
  updated elapsed time (0); starting new iteration now...

TreeBind::iterativeTreeSearch: start new iteration (7)
  elapsed time = 0
  next vertex: mult0
  remaining stack: 
    mult1 - 0
    start removing binding info for vertex 'mult0' to FU 0
  removed binding info for 'mult0'
    start removing binding info for vertex 'x1' to FU 0
  removed binding info for 'x1'
    start removing binding info for vertex 'x0' to FU 0
  removed binding info for 'x0'
  added binding info for 'mult0' to FU 0
  did not hit leaf node
  could not prune search space
  remaining stack after iteration 7: 
    x1 - 0
    mult1 - 0
  resource bindings after iteration 7:
    c -> 0
    mult0 -> 0
    mult1 -> 0
    y0 -> 0
    y1 -> 0
  current fu connections:
    cons (0) -> mult (0) port '1' over '1' lifetime registers
    cons (0) -> mult (0) port '1' over '2' lifetime registers
    mult (0) -> memW (0) port '0' over '0' lifetime registers
  multiplexer costs: 3
  register costs: 2
  updated elapsed time (0); starting new iteration now...

TreeBind::iterativeTreeSearch: start new iteration (8)
  elapsed time = 0
  next vertex: x1
  remaining stack: 
    mult1 - 0
  removed binding info for 'x1'
  removed binding info for 'x0'
  added binding info for 'x1' to FU 0
  did not hit leaf node
  could not prune search space
  remaining stack after iteration 8: 
    x0 - 0
    mult1 - 0
  resource bindings after iteration 8:
    c -> 0
    mult0 -> 0
    mult1 -> 0
    x1 -> 0
    y0 -> 0
    y1 -> 0
  current fu connections:
    cons (0) -> mult (0) port '1' over '1' lifetime registers
    memR (0) -> mult (0) port '0' over '0' lifetime registers
    cons (0) -> mult (0) port '1' over '2' lifetime registers
    mult (0) -> memW (0) port '0' over '0' lifetime registers
  multiplexer costs: 4
  register costs: 2
  updated elapsed time (0.001); starting new iteration now...

TreeBind::iterativeTreeSearch: start new iteration (9)
  elapsed time = 0.001
  next vertex: x0
  remaining stack: 
    mult1 - 0
  removed binding info for 'x0'
  added binding info for 'x0' to FU 0
  hit leaf node
  updated best solution
  remaining stack after iteration 9: 
    mult1 - 0
  resource bindings after iteration 9:
    c -> 0
    mult0 -> 0
    mult1 -> 0
    x0 -> 0
    x1 -> 0
    y0 -> 0
    y1 -> 0
  current fu connections:
    memR (0) -> mult (0) port '0' over '0' lifetime registers
    cons (0) -> mult (0) port '1' over '1' lifetime registers
    cons (0) -> mult (0) port '1' over '2' lifetime registers
    mult (0) -> memW (0) port '0' over '0' lifetime registers
  multiplexer costs: 4
  register costs: 2
  updated elapsed time (0.001); starting new iteration now...

TreeBind::iterativeTreeSearch: start new iteration (10)
  elapsed time = 0.001
  next vertex: mult1
  remaining stack: 
    empty
    start removing binding info for vertex 'mult1' to FU 0
  removed binding info for 'mult1'
    start removing binding info for vertex 'mult0' to FU 0
  removed binding info for 'mult0'
    start removing binding info for vertex 'x1' to FU 0
  removed binding info for 'x1'
    start removing binding info for vertex 'x0' to FU 0
  removed binding info for 'x0'
  added binding info for 'mult1' to FU 0
  did not hit leaf node
  could not prune search space
  remaining stack after iteration 10: 
    mult0 - 0
    mult0 - 0
  resource bindings after iteration 10:
    c -> 0
    mult1 -> 0
    y0 -> 0
    y1 -> 0
  current fu connections:
    cons (0) -> mult (0) port '0' over '2' lifetime registers
    mult (0) -> memW (0) port '0' over '0' lifetime registers
  multiplexer costs: 2
  register costs: 2
  updated elapsed time (0.001); starting new iteration now...

TreeBind::iterativeTreeSearch: start new iteration (11)
  elapsed time = 0.001
  next vertex: mult0
  remaining stack: 
    mult0 - 0
  removed binding info for 'mult0'
  removed binding info for 'x1'
  removed binding info for 'x0'
  added binding info for 'mult0' to FU 0
  did not hit leaf node
  could not prune search space
  remaining stack after iteration 11: 
    x1 - 0
    mult0 - 0
  resource bindings after iteration 11:
    c -> 0
    mult0 -> 0
    mult1 -> 0
    y0 -> 0
    y1 -> 0
  current fu connections:
    cons (0) -> mult (0) port '0' over '1' lifetime registers
    cons (0) -> mult (0) port '0' over '2' lifetime registers
    mult (0) -> memW (0) port '0' over '0' lifetime registers
  multiplexer costs: 3
  register costs: 2
  updated elapsed time (0.001); starting new iteration now...

TreeBind::iterativeTreeSearch: start new iteration (12)
  elapsed time = 0.001
  next vertex: x1
  remaining stack: 
    mult0 - 0
  removed binding info for 'x1'
  removed binding info for 'x0'
  added binding info for 'x1' to FU 0
  did not hit leaf node
  pruned search space because
    current register costs: 2
    current multiplexer costs: 4
    best register costs: 2
    best multiplexer costs: 4
    max register costs: inf
    max multiplexer costs: inf

TreeBind::iterativeTreeSearch: start new iteration (13)
  elapsed time = 0.001
  next vertex: mult0
  remaining stack: 
    empty
    start removing binding info for vertex 'mult0' to FU 0
  removed binding info for 'mult0'
    start removing binding info for vertex 'x1' to FU 0
  removed binding info for 'x1'
  removed binding info for 'x0'
  added binding info for 'mult0' to FU 0
  did not hit leaf node
  could not prune search space
  remaining stack after iteration 13: 
    x1 - 0
  resource bindings after iteration 13:
    c -> 0
    mult0 -> 0
    mult1 -> 0
    y0 -> 0
    y1 -> 0
  current fu connections:
    cons (0) -> mult (0) port '1' over '1' lifetime registers
    cons (0) -> mult (0) port '0' over '2' lifetime registers
    mult (0) -> memW (0) port '0' over '0' lifetime registers
  multiplexer costs: 3
  register costs: 2
  updated elapsed time (0.001); starting new iteration now...

TreeBind::iterativeTreeSearch: start new iteration (14)
  elapsed time = 0.001
  next vertex: x1
  remaining stack: 
    empty
  removed binding info for 'x1'
  removed binding info for 'x0'
  added binding info for 'x1' to FU 0
  did not hit leaf node
  pruned search space because
    current register costs: 2
    current multiplexer costs: 4
    best register costs: 2
    best multiplexer costs: 4
    max register costs: inf
    max multiplexer costs: inf
TreeBind::iterativeTreeSearch: found optimum solution
TreeBind::bind: found solution after 14 iterations
  status: OPTIMAL
  explored 2 of 4 leaf nodes
  times: 
    iteration_add_binding_info: 0.000235 sec
    iteration_calc_costs: 0.000383 sec
    iteration_remove_binding_info: 0.00024 sec
    iteration_stack_popping: 0.000243 sec
    iteration_stack_pushing: 9.4e-05 sec
    startup: 0 sec
    total_time: 0.001985 sec
  final resource bindings:
    c -> 0
    mult0 -> 0
    mult1 -> 0
    x0 -> 0
    x1 -> 0
    y0 -> 0
    y1 -> 0
  final fu connections:
    memR (0) -> mult (0) port '0' over '0' lifetime registers
    cons (0) -> mult (0) port '1' over '1' lifetime registers
    cons (0) -> mult (0) port '1' over '2' lifetime registers
    mult (0) -> memW (0) port '0' over '0' lifetime registers
  multiplexer costs: 4
  register costs: 2
  objective: 1 * 4 + 1 * 2
FU bindings:
  'c' -> 'cons' (0)
  'mult0' -> 'mult' (0)
  'mult1' -> 'mult' (0)
  'x0' -> 'memR' (0)
  'x1' -> 'memR' (0)
  'y0' -> 'memW' (0)
  'y1' -> 'memW' (0)
connections in register chain binding container:
  'memR' (0) -> 'mult' (0) port 0 over 0 registers
  'cons' (0) -> 'mult' (0) port 1 over 1 registers
  'cons' (0) -> 'mult' (0) port 1 over 2 registers
  'mult' (0) -> 'memW' (0) port 0 over 0 registers
connections in general binding container:
  'mult' (0) port 0 -> 'memW' (0) port 0
    active in t=0
    active in t=1
  'register' (1) port 0 -> 'mult' (0) port 1
    active in t=0
  'register' (0) port 0 -> 'mult' (0) port 1
    active in t=1
  'memR' (0) port 0 -> 'mult' (0) port 0
    active in t=0
    active in t=1
  'register' (0) port 0 -> 'register' (1) port 0
    active in t=0
    active in t=1
  'cons' (0) port 0 -> 'register' (0) port 0
    active in t=0
    active in t=1
register enable times:
  reg #0: 
    0
    1
  reg #1: 
    0
    1
tree-based binding finished
tree-based binding is valid
tree-based implementation multiplexer costs: 4
tree-based implementation number of 2x1 multiplexers: 1
tree-based implementation register costs: 2
FU bindings:
  'c' -> 'cons' (0)
  'mult0' -> 'mult' (0)
  'mult1' -> 'mult' (0)
  'x0' -> 'memR' (0)
  'x1' -> 'memR' (0)
  'y0' -> 'memW' (0)
  'y1' -> 'memW' (0)
connections in register chain binding container:
  'memR' (0) -> 'mult' (0) port 1 over 0 registers
  'mult' (0) -> 'memW' (0) port 0 over 0 registers
  'cons' (0) -> 'mult' (0) port 0 over 1 registers
  'cons' (0) -> 'mult' (0) port 0 over 2 registers
connections in general binding container:
  'register' (1) port 0 -> 'mult' (0) port 0
    active in t=0
  'register' (0) port 0 -> 'mult' (0) port 0
    active in t=1
  'mult' (0) port 0 -> 'memW' (0) port 0
    active in t=0
    active in t=1
  'memR' (0) port 0 -> 'mult' (0) port 1
    active in t=0
    active in t=1
  'register' (0) port 0 -> 'register' (1) port 0
    active in t=0
    active in t=1
  'cons' (0) port 0 -> 'register' (0) port 0
    active in t=0
    active in t=1
register enable times:
  reg #0: 
    0
    1
  reg #1: 
    0
    1
ILP-based binding finished
ILP-based binding is valid
ILP-based implementation multiplexer costs: 4
ILP-based implementation number of 2x1 multiplexers: 1
ILP-based implementation register costs: 2
<end of output>
Test time =   0.02 sec
----------------------------------------------------------
Test Passed.
"treeBindCommutative" end time: May 06 14:23 CEST
"treeBindCommutative" time elapsed: 00:00:00
----------------------------------------------------------

26/28 Testing: congBind
26/28 Test: congBind
Command: "/home/bkessler/Repositories/hatschet/hatschet" "--test=ILPBASEDINTIIBINDINGCONG"
Directory: /home/bkessler/Repositories/hatschet
"congBind" start time: May 06 14:23 CEST
Output:
----------------------------------------------------------
libScaLP-CPLEX.so: cannot open shared object file: No such file or directory
ED97: min/maxII = 2 2, (minResII/minRecII 1.5 / 1)
ED97: solver timeout = 300 (sec)
ED97: attempt II=2
ED97: solver timeout = 300 (sec)
ED97: found optimal solution with II=2
  vertex_1 - 0
  vertex_2 - 0
  vertex_3 - 0
  vertex_4 - 0
  vertex_5 - 0
  vertex_6 - 0
  vertex_7 - 1
ED97: solving time was 0.000941 seconds
resource bindings:
  binding 'vertex_1' to FU '2'
  binding 'vertex_2' to FU '0'
  binding 'vertex_3' to FU '3'
  binding 'vertex_4' to FU '1'
  binding 'vertex_5' to FU '1'
  binding 'vertex_6' to FU '0'
  binding 'vertex_7' to FU '1'
connections:
  'add' (0) -> '0' (add) port 1
  'add' (1) -> '0' (add) port 1
  'mem' (1) -> '0' (add) port 0
  'mem' (3) -> '0' (add) port 0
  'mem' (0) -> '0' (add) port 1
  'mem' (2) -> '0' (add) port 1
<end of output>
Test time =   0.04 sec
----------------------------------------------------------
Test Passed.
"congBind" end time: May 06 14:23 CEST
"congBind" time elapsed: 00:00:00
----------------------------------------------------------

27/28 Testing: CaDiCaL
27/28 Test: CaDiCaL
Command: "/home/bkessler/Repositories/hatschet/hatschet" "--test=CADICAL"
Directory: /home/bkessler/Repositories/hatschet
"CaDiCaL" start time: May 06 14:23 CEST
Output:
----------------------------------------------------------
CaDiCaL-Test started...
c opening file to read 'SATTest/SATTest.cnf'
c found 'p cnf 5 9' header
c parsed 9 clauses in 0.00 seconds process time
c closing file 'SATTest/SATTest.cnf'
c after reading 544 bytes 0.0 MB
Problem is SATISFIABLE...
-1 2 3 -4 -5 
Zappel-Jupp and Narben-Johny are TRUE criminals... ARREST them!!!
Test passed..
<end of output>
Test time =   0.01 sec
----------------------------------------------------------
Test Passed.
"CaDiCaL" end time: May 06 14:23 CEST
"CaDiCaL" time elapsed: 00:00:00
----------------------------------------------------------

28/28 Testing: Z3
28/28 Test: Z3
Command: "/home/bkessler/Repositories/hatschet/hatschet" "--test=Z3"
Directory: /home/bkessler/Repositories/hatschet
"Z3" start time: May 06 14:23 CEST
Output:
----------------------------------------------------------
de-Morgan example
(declare-fun y () Bool)
(declare-fun x () Bool)
(assert (not (= (not (and x y)) (or (not x) (not y)))))

; 
(set-info :status unknown)
(declare-fun y () Bool)
(declare-fun x () Bool)
(assert
 (let (($x9 (or (not x) (not y))))
 (let (($x12 (= (not (and x y)) $x9)))
 (not $x12))))
(check-sat)
unsat

De-Morgan is valid
<end of output>
Test time =   0.04 sec
----------------------------------------------------------
Test Passed.
"Z3" end time: May 06 14:23 CEST
"Z3" time elapsed: 00:00:00
----------------------------------------------------------

End testing: May 06 14:23 CEST
